#
# A fatal error has been detected by the Java Runtime Environment:
#
#  SIGSEGV (0xb) at pc=0x0000000041694f65, pid=27910, tid=27984
#
# JRE version: OpenJDK Runtime Environment (21.0.9+10) (build 21.0.9+10)
# Java VM: OpenJDK 64-Bit Server VM (21.0.9+10, mixed mode, sharing, tiered, compressed oops, compressed class ptrs, g1 gc, linux-amd64)
# Problematic frame:
# C  0x0000000041694f65
#
# Core dump will be written. Default location: Core dumps may be processed with "/usr/lib/systemd/systemd-coredump %P %u %g %s %t %c %h %d %F" (or dumping to /home/jless/code/java/Voxel/core.27910)
#
# If you would like to submit a bug report, please visit:
#   https://bugreport.java.com/bugreport/crash.jsp
#

---------------  S U M M A R Y ------------

Command Line: --enable-native-access=ALL-UNNAMED -Dclassworlds.conf=/usr/share/java/maven/bin/m2.conf -Dmaven.home=/usr/share/java/maven -Dlibrary.jansi.path=/usr/share/java/maven/lib/jansi-native -Dmaven.multiModuleProjectDirectory=/home/jless/code/java/Voxel org.codehaus.plexus.classworlds.launcher.Launcher compile exec:java -Dexec.mainClass=com.jless.voxel.App

Host: AMD Ryzen 7 7435HS, 16 cores, 15G, Arch Linux
Time: Mon Jan  5 11:00:12 2026 GMT elapsed time: 1.679208 seconds (0d 0h 0m 1s)

---------------  T H R E A D  ---------------

Current thread is native thread

Stack: [0x00007f08a9800000,0x00007f08aa800000],  sp=0x00007f08aa7fd138,  free space=16372k
Native frames: (J=compiled Java code, j=interpreted, Vv=VM code, C=native code)
C  0x0000000041694f65

siginfo: si_signo: 11 (SIGSEGV), si_code: 1 (SEGV_MAPERR), si_addr: 0x0000000000000000

Registers:
RAX=0x00007f092427e270, RBX=0x00000000415e4000, RCX=0x0000000000000000, RDX=0x0000000000004800
RSP=0x00007f08aa7fd138, RBP=0x0000000000000000, RSI=0x0000000000000000, RDI=0x0000000000000000
R8 =0x00007f0924279000, R9 =0x00007f08a4000030, R10=0x0000000000001810, R11=0x0000000000000000
R12=0x0000000000000000, R13=0x00007f08a40056c0, R14=0x0000000000000004, R15=0x0000000000004800
RIP=0x0000000041694f65, EFLAGS=0x0000000000010282, CSGSFS=0x002b000000000033, ERR=0x0000000000000004
  TRAPNO=0x000000000000000e

XMM[0]=0x0000000000000000 0x0000000000000000
XMM[1]=0x368b480000000041 0x63bbf0be48cb8b49
XMM[2]=0xbbf0be4808788908 0x7e8b046889388904
XMM[3]=0x1068890c7889046e 0x8b3e8bbe348d4849
XMM[4]=0xe0247c8b48a375ca 0xffc1ff18c0834814
XMM[5]=0xbe348d48493c8d48 0x38768b48368b4800
XMM[6]=0x68893889046e8b3e 0x8bbe348d48493c8d
XMM[7]=0xbe48cb8b49d18b48 0xda8b4cc68b48df8b
XMM[8]=0xba81c70220720c4f 0x8636c1b012756c3b
XMM[9]=0x0000000000000000 0x0000000000000000
XMM[10]=0x0000000000000000 0x000000003f800000
XMM[11]=0x0000000000000000 0x0000000000000000
XMM[12]=0x0000000000000000 0x0000000000000000
XMM[13]=0x0000000000000000 0x0000000041000000
XMM[14]=0x0000000000000000 0x000000003f800000
XMM[15]=0x0000000000000000 0x0000000000000000
  MXCSR=0x00001fa2


Top of Stack: (sp=0x00007f08aa7fd138)
0x00007f08aa7fd138:   00007f0925147280 000000004163b118
0x00007f08aa7fd148:   00007f08a400c300 000000004163b118
0x00007f08aa7fd158:   00007f092427e270 0000000000004800
0x00007f08aa7fd168:   00000000415e4000 ffffffffffffff30
0x00007f08aa7fd178:   0000000000000004 0000000000004800
0x00007f08aa7fd188:   0000000000000000 00000000ffffffff
0x00007f08aa7fd198:   00007f0924e39b26 00007f08a4206ad0
0x00007f08aa7fd1a8:   0000000000000000 00007f08aa7fd1c8
0x00007f08aa7fd1b8:   00007f08a420e390 0001000500070003
0x00007f08aa7fd1c8:   00007f08b4e21530 00007f08a97fdec8
0x00007f08aa7fd1d8:   00007f08a8edd040 00000000415e4000
0x00007f08aa7fd1e8:   0000000000004800 0000000000000004
0x00007f08aa7fd1f8:   00007f0924e24248 00007f08a42069f4
0x00007f08aa7fd208:   00007f08a42069f4 00007f08a42069fc
0x00007f08aa7fd218:   0000000000000021 00007f08a420e3b8
0x00007f08aa7fd228:   0000000000000014 00007f08a420f3c0
0x00007f08aa7fd238:   000000000000006c 00007f08a420fbc8
0x00007f08aa7fd248:   0000000000000010 0000000000000020
0x00007f08aa7fd258:   000000000000009d 00007f09257a4a60
0x00007f08aa7fd268:   00007f08a42069cf 0000000000000077
0x00007f08aa7fd278:   00007f0924ff1e32 00007f092687ad60
0x00007f08aa7fd288:   00007f092687adb8 0000000000000a30
0x00007f08aa7fd298:   00007f0924bb13a3 00007f08aa7ff9c8
0x00007f08aa7fd2a8:   00007f08a4207500 0000000000000000
0x00007f08aa7fd2b8:   00007f08a4207500 01007f08aa7fd2e0
0x00007f08aa7fd2c8:   00007f0900000001 00007f08a4206ad0
0x00007f08aa7fd2d8:   00007f08aa7fd410 0000000000000000
0x00007f08aa7fd2e8:   0000000000000000 00007f092687ad40
0x00007f08aa7fd2f8:   0000000000000a30 00000000000002ac
0x00007f08aa7fd308:   0000000000000000 00007f08a4206804
0x00007f08aa7fd318:   00007f08a4206aba 00000000000002ac
0x00007f08aa7fd328:   00007f08a42069e2 00007f08a42069dc 

Instructions: (pc=0x0000000041694f65)
0x0000000041694e65:   00 00 00 00 00 00 00 00 00 00 00 00 00 00 00 00
0x0000000041694e75:   00 00 00 00 00 00 00 00 00 00 00 00 00 00 00 00
0x0000000041694e85:   00 00 00 00 00 00 00 00 00 00 00 00 00 00 00 00
0x0000000041694e95:   00 00 00 00 00 00 00 00 00 00 00 00 00 00 00 00
0x0000000041694ea5:   00 00 00 00 00 00 00 00 00 00 00 00 00 00 00 00
0x0000000041694eb5:   00 00 00 00 00 00 00 00 00 00 00 00 00 00 00 00
0x0000000041694ec5:   00 00 00 00 00 00 00 00 00 00 00 00 00 00 00 00
0x0000000041694ed5:   00 00 00 00 00 00 00 00 00 00 00 00 00 00 00 00
0x0000000041694ee5:   00 00 00 00 00 00 00 00 00 00 00 00 00 00 00 00
0x0000000041694ef5:   00 00 00 40 ff ff ff c0 1e 00 00 48 89 6c 24 f8
0x0000000041694f05:   48 89 5c 24 f0 48 89 74 24 e8 48 89 7c 24 e0 48
0x0000000041694f15:   8b df 48 8b c6 4c 8b da 48 8b d1 49 8b cb 48 be
0x0000000041694f25:   f0 bb 63 41 00 00 00 00 48 8b 36 48 8b 76 08 48
0x0000000041694f35:   8d 3c 49 48 8d 34 be 8b 3e 8b 6e 04 89 38 89 68
0x0000000041694f45:   04 8b 7e 08 89 78 08 48 be f0 bb 63 41 00 00 00
0x0000000041694f55:   00 48 8b 36 48 8b 76 38 48 8d 3c 49 48 8d 34 be
0x0000000041694f65:   8b 3e 8b 6e 04 89 78 0c 89 68 10 8b 7e 08 89 78
0x0000000041694f75:   14 48 83 c0 18 ff c1 ff ca 75 a3 48 8b 7c 24 e0
0x0000000041694f85:   48 8b 74 24 e8 48 8b 5c 24 f0 48 8b 6c 24 f8 c3
0x0000000041694f95:   00 00 00 00 00 00 00 00 00 00 00 00 00 00 00 00
0x0000000041694fa5:   00 00 00 00 00 00 00 00 00 00 00 00 00 00 00 00
0x0000000041694fb5:   00 00 00 c0 ff ff ff c0 00 00 00 48 b8 88 c0 67
0x0000000041694fc5:   41 00 00 00 00 48 8b 00 49 ba e0 06 63 41 00 00
0x0000000041694fd5:   00 00 48 83 ec 28 48 83 c4 28 c3 00 00 00 00 00
0x0000000041694fe5:   00 00 00 00 00 00 00 00 00 00 00 00 00 00 00 00
0x0000000041694ff5:   00 00 00 00 00 00 00 40 00 00 00 ?? ?? ?? ?? ??
0x0000000041695005:   ?? ?? ?? ?? ?? ?? ?? ?? ?? ?? ?? ?? ?? ?? ?? ??
0x0000000041695015:   ?? ?? ?? ?? ?? ?? ?? ?? ?? ?? ?? ?? ?? ?? ?? ??
0x0000000041695025:   ?? ?? ?? ?? ?? ?? ?? ?? ?? ?? ?? ?? ?? ?? ?? ??
0x0000000041695035:   ?? ?? ?? ?? ?? ?? ?? ?? ?? ?? ?? ?? ?? ?? ?? ??
0x0000000041695045:   ?? ?? ?? ?? ?? ?? ?? ?? ?? ?? ?? ?? ?? ?? ?? ??
0x0000000041695055:   ?? ?? ?? ?? ?? ?? ?? ?? ?? ?? ?? ?? ?? ?? ?? ?? 



---------------  P R O C E S S  ---------------

VM state: not at safepoint (normal execution)

VM Mutex/Monitor currently owned by a thread: None

Heap address: 0x000000070b200000, size: 3918 MB, Compressed Oops mode: Zero based, Oop shift amount: 3

CDS archive(s) mapped at: [0x00007f092b000000-0x00007f092bca0000-0x00007f092bca0000), size 13238272, SharedBaseAddress: 0x00007f092b000000, ArchiveRelocationMode: 1.
Compressed class space mapped at: 0x00007f092c000000-0x00007f096c000000, reserved size: 1073741824
Narrow klass base: 0x00007f092b000000, Narrow klass shift: 0, Narrow klass range: 0x100000000

GC Precious Log:
<Skipped>

Heap:
 garbage-first heap   total 55296K, used 20456K [0x000000070b200000, 0x0000000800000000)
  region size 2048K, 10 young (20480K), 7 survivors (14336K)
 Metaspace       used 22997K, committed 23360K, reserved 1114112K
  class space    used 2284K, committed 2432K, reserved 1048576K

Heap Regions: E=young(eden), S=young(survivor), O=old, HS=humongous(starts), HC=humongous(continues), CS=collection set, F=free, TAMS=top-at-mark-start, PB=parsable bottom
|   0|0x000000070b200000, 0x000000070b200000, 0x000000070b400000|  0%| F|  |TAMS 0x000000070b200000| PB 0x000000070b200000| Untracked 
|   1|0x000000070b400000, 0x000000070b400000, 0x000000070b600000|  0%| F|  |TAMS 0x000000070b400000| PB 0x000000070b400000| Untracked 
|   2|0x000000070b600000, 0x000000070b600000, 0x000000070b800000|  0%| F|  |TAMS 0x000000070b600000| PB 0x000000070b600000| Untracked 
|   3|0x000000070b800000, 0x000000070b800000, 0x000000070ba00000|  0%| F|  |TAMS 0x000000070b800000| PB 0x000000070b800000| Untracked 
|   4|0x000000070ba00000, 0x000000070ba00000, 0x000000070bc00000|  0%| F|  |TAMS 0x000000070ba00000| PB 0x000000070ba00000| Untracked 
|   5|0x000000070bc00000, 0x000000070bc00000, 0x000000070be00000|  0%| F|  |TAMS 0x000000070bc00000| PB 0x000000070bc00000| Untracked 
|   6|0x000000070be00000, 0x000000070be00000, 0x000000070c000000|  0%| F|  |TAMS 0x000000070be00000| PB 0x000000070be00000| Untracked 
|   7|0x000000070c000000, 0x000000070c000000, 0x000000070c200000|  0%| F|  |TAMS 0x000000070c000000| PB 0x000000070c000000| Untracked 
|   8|0x000000070c200000, 0x000000070c200000, 0x000000070c400000|  0%| F|  |TAMS 0x000000070c200000| PB 0x000000070c200000| Untracked 
|   9|0x000000070c400000, 0x000000070c400000, 0x000000070c600000|  0%| F|  |TAMS 0x000000070c400000| PB 0x000000070c400000| Untracked 
|  10|0x000000070c600000, 0x000000070c600000, 0x000000070c800000|  0%| F|  |TAMS 0x000000070c600000| PB 0x000000070c600000| Untracked 
|  11|0x000000070c800000, 0x000000070c800000, 0x000000070ca00000|  0%| F|  |TAMS 0x000000070c800000| PB 0x000000070c800000| Untracked 
|  12|0x000000070ca00000, 0x000000070ca00000, 0x000000070cc00000|  0%| F|  |TAMS 0x000000070ca00000| PB 0x000000070ca00000| Untracked 
|  13|0x000000070cc00000, 0x000000070cc00000, 0x000000070ce00000|  0%| F|  |TAMS 0x000000070cc00000| PB 0x000000070cc00000| Untracked 
|  14|0x000000070ce00000, 0x000000070ce00000, 0x000000070d000000|  0%| F|  |TAMS 0x000000070ce00000| PB 0x000000070ce00000| Untracked 
|  15|0x000000070d000000, 0x000000070d000000, 0x000000070d200000|  0%| F|  |TAMS 0x000000070d000000| PB 0x000000070d000000| Untracked 
|  16|0x000000070d200000, 0x000000070d330500, 0x000000070d400000| 59%| E|  |TAMS 0x000000070d200000| PB 0x000000070d200000| Complete 
|  17|0x000000070d400000, 0x000000070d600000, 0x000000070d600000|100%| E|CS|TAMS 0x000000070d400000| PB 0x000000070d400000| Complete 
|  70|0x0000000713e00000, 0x0000000713fbd680, 0x0000000714000000| 86%| S|CS|TAMS 0x0000000713e00000| PB 0x0000000713e00000| Complete 
|  71|0x0000000714000000, 0x0000000714200000, 0x0000000714200000|100%| S|CS|TAMS 0x0000000714000000| PB 0x0000000714000000| Complete 
|  72|0x0000000714200000, 0x0000000714400000, 0x0000000714400000|100%| S|CS|TAMS 0x0000000714200000| PB 0x0000000714200000| Complete 
|  73|0x0000000714400000, 0x0000000714600000, 0x0000000714600000|100%| S|CS|TAMS 0x0000000714400000| PB 0x0000000714400000| Complete 
|  74|0x0000000714600000, 0x0000000714800000, 0x0000000714800000|100%| S|CS|TAMS 0x0000000714600000| PB 0x0000000714600000| Complete 
|  75|0x0000000714800000, 0x0000000714a00000, 0x0000000714a00000|100%| S|CS|TAMS 0x0000000714800000| PB 0x0000000714800000| Complete 
|  76|0x0000000714a00000, 0x0000000714c00000, 0x0000000714c00000|100%| S|CS|TAMS 0x0000000714a00000| PB 0x0000000714a00000| Complete 
| 122|0x000000071a600000, 0x000000071a800000, 0x000000071a800000|100%| E|CS|TAMS 0x000000071a600000| PB 0x000000071a600000| Complete 
|1958|0x00000007ffe00000, 0x00000007fff0c7a0, 0x0000000800000000| 52%| O|Cm|TAMS 0x00000007ffe00000| PB 0x00000007ffe00000| Complete 

Card table byte_map: [0x00007f09a8ed3000,0x00007f09a967a000] _byte_map_base: 0x00007f09a567a000

Marking Bits: (CMBitMap*) 0x00007f09a4082820
 Bits: [0x00007f09886c8000, 0x00007f098c400000)

Polling page: 0x00007f09ac8cd000

Metaspace:

Usage:
  Non-class:     20.23 MB used.
      Class:      2.23 MB used.
       Both:     22.46 MB used.

Virtual space:
  Non-class space:       64.00 MB reserved,      20.44 MB ( 32%) committed,  1 nodes.
      Class space:        1.00 GB reserved,       2.38 MB ( <1%) committed,  1 nodes.
             Both:        1.06 GB reserved,      22.81 MB (  2%) committed. 

Chunk freelists:
   Non-Class:  11.61 MB
       Class:  13.53 MB
        Both:  25.14 MB

MaxMetaspaceSize: unlimited
CompressedClassSpaceSize: 1.00 GB
Initial GC threshold: 21.00 MB
Current GC threshold: 35.44 MB
CDS: on
 - commit_granule_bytes: 65536.
 - commit_granule_words: 8192.
 - virtual_space_node_default_size: 8388608.
 - enlarge_chunks_in_place: 1.
 - use_allocation_guard: 0.


Internal statistics:

num_allocs_failed_limit: 3.
num_arena_births: 248.
num_arena_deaths: 0.
num_vsnodes_births: 2.
num_vsnodes_deaths: 0.
num_space_committed: 363.
num_space_uncommitted: 0.
num_chunks_returned_to_freelist: 3.
num_chunks_taken_from_freelist: 1057.
num_chunk_merges: 3.
num_chunk_splits: 736.
num_chunks_enlarged: 580.
num_inconsistent_stats: 0.

CodeHeap 'non-profiled nmethods': size=119168Kb used=2512Kb max_used=2512Kb free=116655Kb
 bounds [0x00007f0993fa0000, 0x00007f0994220000, 0x00007f099b400000]
CodeHeap 'profiled nmethods': size=119164Kb used=10773Kb max_used=10773Kb free=108390Kb
 bounds [0x00007f098c400000, 0x00007f098ce90000, 0x00007f099385f000]
CodeHeap 'non-nmethods': size=7428Kb used=3908Kb max_used=3929Kb free=3519Kb
 bounds [0x00007f099385f000, 0x00007f0993c3f000, 0x00007f0993fa0000]
CodeCache: size=245760Kb, used=17193Kb, max_used=17214Kb, free=228564Kb
 total_blobs=6420, nmethods=5215, adapters=1107, full_count=0
Compilation: enabled, stopped_count=0, restarted_count=0

Compilation events (20 events):
Event: 1.659 Thread 0x00007f090c1120e0 nmethod 5201 0x00007f0994210110 code [0x00007f09942102e0, 0x00007f0994210668]
Event: 1.665 Thread 0x00007f090c09ed00 5204       3       sun.net.util.IPAddressUtil::checkAuth (45 bytes)
Event: 1.666 Thread 0x00007f090c09ed00 nmethod 5204 0x00007f098ce7d890 code [0x00007f098ce7db20, 0x00007f098ce7e560]
Event: 1.666 Thread 0x00007f09000ed080 5206       3       java.lang.Float::valueOf (9 bytes)
Event: 1.666 Thread 0x00007f090c09ed00 5207       3       java.lang.Float::<init> (10 bytes)
Event: 1.667 Thread 0x00007f09000ec360 5208       3       com.jless.voxel.Chunk::addVertex (35 bytes)
Event: 1.667 Thread 0x00007f09000ed080 nmethod 5206 0x00007f098ce7e990 code [0x00007f098ce7eb40, 0x00007f098ce7ed98]
Event: 1.667 Thread 0x00007f090c09ed00 nmethod 5207 0x00007f098ce7ee90 code [0x00007f098ce7f040, 0x00007f098ce7f200]
Event: 1.667 Thread 0x00007f09000ed080 5210       3       com.jless.voxel.Chunk::addQuad (63 bytes)
Event: 1.667 Thread 0x00007f08e8132d30 5211       4       java.lang.Float::valueOf (9 bytes)
Event: 1.667 Thread 0x00007f09000ec360 nmethod 5208 0x00007f098ce7f310 code [0x00007f098ce7f540, 0x00007f098ce7fe30]
Event: 1.667 Thread 0x00007f090c09ed00 5212       1       com.jless.voxel.Chunk::isVoxelSolid (2 bytes)
Event: 1.667 Thread 0x00007f090c09ed00 nmethod 5212 0x00007f0994211390 code [0x00007f0994211520, 0x00007f09942115e0]
Event: 1.667 Thread 0x00007f09a4170800 5213       4       com.jless.voxel.Chunk::addVertex (35 bytes)
Event: 1.667 Thread 0x00007f08e8132d30 nmethod 5211 0x00007f0994211690 code [0x00007f0994211820, 0x00007f09942118f0]
Event: 1.667 Thread 0x00007f090c09ed00 5214       3       com.jless.voxel.Chunk::addCube (238 bytes)
Event: 1.668 Thread 0x00007f090c09ed00 nmethod 5214 0x00007f098ce80190 code [0x00007f098ce80420, 0x00007f098ce80b28]
Event: 1.668 Thread 0x00007f09000ed080 nmethod 5210 0x00007f098ce80d10 code [0x00007f098ce812a0, 0x00007f098ce84618]
Event: 1.668 Thread 0x00007f09a4171ec0 5215       1       java.lang.Float::floatValue (5 bytes)
Event: 1.668 Thread 0x00007f09a4171ec0 nmethod 5215 0x00007f0994211990 code [0x00007f0994211b20, 0x00007f0994211be0]

GC Heap History (6 events):
Event: 0.351 GC heap before
{Heap before GC invocations=0 (full 0):
 garbage-first heap   total 253952K, used 23601K [0x000000070b200000, 0x0000000800000000)
  region size 2048K, 11 young (22528K), 0 survivors (0K)
 Metaspace       used 5799K, committed 6016K, reserved 1114112K
  class space    used 676K, committed 768K, reserved 1048576K
}
Event: 0.353 GC heap after
{Heap after GC invocations=1 (full 0):
 garbage-first heap   total 253952K, used 4424K [0x000000070b200000, 0x0000000800000000)
  region size 2048K, 2 young (4096K), 2 survivors (4096K)
 Metaspace       used 5799K, committed 6016K, reserved 1114112K
  class space    used 676K, committed 768K, reserved 1048576K
}
Event: 0.845 GC heap before
{Heap before GC invocations=1 (full 0):
 garbage-first heap   total 253952K, used 57672K [0x000000070b200000, 0x0000000800000000)
  region size 2048K, 28 young (57344K), 2 survivors (4096K)
 Metaspace       used 15002K, committed 15232K, reserved 1114112K
  class space    used 1800K, committed 1920K, reserved 1048576K
}
Event: 0.850 GC heap after
{Heap after GC invocations=2 (full 0):
 garbage-first heap   total 253952K, used 8681K [0x000000070b200000, 0x0000000800000000)
  region size 2048K, 4 young (8192K), 4 survivors (8192K)
 Metaspace       used 15002K, committed 15232K, reserved 1114112K
  class space    used 1800K, committed 1920K, reserved 1048576K
}
Event: 1.623 GC heap before
{Heap before GC invocations=2 (full 0):
 garbage-first heap   total 253952K, used 90601K [0x000000070b200000, 0x0000000800000000)
  region size 2048K, 46 young (94208K), 4 survivors (8192K)
 Metaspace       used 21189K, committed 21504K, reserved 1114112K
  class space    used 2217K, committed 2368K, reserved 1048576K
}
Event: 1.629 GC heap after
{Heap after GC invocations=3 (full 0):
 garbage-first heap   total 253952K, used 15143K [0x000000070b200000, 0x0000000800000000)
  region size 2048K, 7 young (14336K), 7 survivors (14336K)
 Metaspace       used 21189K, committed 21504K, reserved 1114112K
  class space    used 2217K, committed 2368K, reserved 1048576K
}

Dll operation events (10 events):
Event: 0.001 Loaded shared library /usr/lib/jvm/java-21-openjdk/lib/libjava.so
Event: 0.022 Loaded shared library /usr/lib/jvm/java-21-openjdk/lib/libjsvml.so
Event: 0.030 Loaded shared library /usr/lib/jvm/java-21-openjdk/lib/libnio.so
Event: 0.031 Loaded shared library /usr/lib/jvm/java-21-openjdk/lib/libzip.so
Event: 0.037 Loaded shared library /usr/lib/jvm/java-21-openjdk/lib/libnet.so
Event: 0.110 Loaded shared library /usr/lib/jvm/java-21-openjdk/lib/libjimage.so
Event: 0.115 Loaded shared library /tmp/jansi-2.4.2-2fb467531c008296-libjansi.so
Event: 0.121 Loaded shared library /usr/lib/jvm/java-21-openjdk/lib/libverify.so
Event: 1.329 Loaded shared library /tmp/lwjgl_jless/3.3.6+1/x64/liblwjgl.so
Event: 1.525 Loaded shared library /tmp/lwjgl_jless/3.3.6+1/x64/liblwjgl_opengl.so

Deoptimization events (20 events):
Event: 1.340 Thread 0x00007f09a4bc68c0 DEOPT PACKING pc=0x00007f098ce5d67a sp=0x00007f0926efbb30
Event: 1.340 Thread 0x00007f09a4bc68c0 DEOPT UNPACKING pc=0x00007f09938b372f sp=0x00007f0926efafe8 mode 0
Event: 1.340 Thread 0x00007f09a4bc68c0 DEOPT PACKING pc=0x00007f098ce5d67a sp=0x00007f0926efbb30
Event: 1.340 Thread 0x00007f09a4bc68c0 DEOPT UNPACKING pc=0x00007f09938b372f sp=0x00007f0926efafe8 mode 0
Event: 1.526 Thread 0x00007f09a4bc68c0 Uncommon trap: trap_request=0xffffffc6 fr.pc=0x00007f09940ed670 relative=0x00000000000005d0
Event: 1.526 Thread 0x00007f09a4bc68c0 Uncommon trap: reason=bimorphic_or_optimized_type_check action=maybe_recompile pc=0x00007f09940ed670 method=java.util.regex.Pattern$BmpCharPropertyGreedy.match(Ljava/util/regex/Matcher;ILjava/lang/CharSequence;)Z @ 26 c2
Event: 1.526 Thread 0x00007f09a4bc68c0 DEOPT PACKING pc=0x00007f09940ed670 sp=0x00007f0926efc2f0
Event: 1.526 Thread 0x00007f09a4bc68c0 DEOPT UNPACKING pc=0x00007f09938b2f99 sp=0x00007f0926efc2a8 mode 2
Event: 1.526 Thread 0x00007f09a4bc68c0 Uncommon trap: trap_request=0xffffffc6 fr.pc=0x00007f099413ada8 relative=0x00000000000004a8
Event: 1.526 Thread 0x00007f09a4bc68c0 Uncommon trap: reason=bimorphic_or_optimized_type_check action=maybe_recompile pc=0x00007f099413ada8 method=java.util.regex.Pattern$Slice.match(Ljava/util/regex/Matcher;ILjava/lang/CharSequence;)Z @ 75 c2
Event: 1.526 Thread 0x00007f09a4bc68c0 DEOPT PACKING pc=0x00007f099413ada8 sp=0x00007f0926efc1f0
Event: 1.526 Thread 0x00007f09a4bc68c0 DEOPT UNPACKING pc=0x00007f09938b2f99 sp=0x00007f0926efc190 mode 2
Event: 1.526 Thread 0x00007f09a4bc68c0 Uncommon trap: trap_request=0xffffffc6 fr.pc=0x00007f09940ed670 relative=0x00000000000005d0
Event: 1.526 Thread 0x00007f09a4bc68c0 Uncommon trap: reason=bimorphic_or_optimized_type_check action=maybe_recompile pc=0x00007f09940ed670 method=java.util.regex.Pattern$BmpCharPropertyGreedy.match(Ljava/util/regex/Matcher;ILjava/lang/CharSequence;)Z @ 26 c2
Event: 1.526 Thread 0x00007f09a4bc68c0 DEOPT PACKING pc=0x00007f09940ed670 sp=0x00007f0926efbfb0
Event: 1.526 Thread 0x00007f09a4bc68c0 DEOPT UNPACKING pc=0x00007f09938b2f99 sp=0x00007f0926efbf68 mode 2
Event: 1.528 Thread 0x00007f09a4bc68c0 Uncommon trap: trap_request=0xffffff54 fr.pc=0x00007f099420a2f0 relative=0x0000000000000070
Event: 1.528 Thread 0x00007f09a4bc68c0 Uncommon trap: reason=speculate_null_assert action=make_not_entrant pc=0x00007f099420a2f0 method=sun.misc.Unsafe.putLong(Ljava/lang/Object;JJ)V @ 7 c2
Event: 1.528 Thread 0x00007f09a4bc68c0 DEOPT PACKING pc=0x00007f099420a2f0 sp=0x00007f0926efce80
Event: 1.528 Thread 0x00007f09a4bc68c0 DEOPT UNPACKING pc=0x00007f09938b2f99 sp=0x00007f0926efce18 mode 2

Classes loaded (20 events):
Event: 1.332 Loading class sun/security/provider/ByteArrayAccess$BE
Event: 1.332 Loading class sun/security/provider/ByteArrayAccess$BE done
Event: 1.345 Loading class java/nio/BufferOverflowException
Event: 1.345 Loading class java/nio/BufferOverflowException done
Event: 1.345 Loading class java/nio/ShortBuffer
Event: 1.345 Loading class java/nio/ShortBuffer done
Event: 1.346 Loading class java/nio/DirectShortBufferU
Event: 1.346 Loading class java/nio/DirectShortBufferU done
Event: 1.346 Loading class java/nio/DirectCharBufferU
Event: 1.346 Loading class java/nio/DirectCharBufferU done
Event: 1.348 Loading class java/nio/DirectDoubleBufferU
Event: 1.348 Loading class java/nio/DirectDoubleBufferU done
Event: 1.348 Loading class sun/misc/Unsafe
Event: 1.348 Loading class sun/misc/Unsafe done
Event: 1.349 Loading class java/util/function/LongPredicate
Event: 1.349 Loading class java/util/function/LongPredicate done
Event: 1.520 Loading class java/nio/InvalidMarkException
Event: 1.520 Loading class java/nio/InvalidMarkException done
Event: 1.520 Loading class java/nio/BufferUnderflowException
Event: 1.520 Loading class java/nio/BufferUnderflowException done

Classes unloaded (0 events):
No events

Classes redefined (0 events):
No events

Internal exceptions (20 events):
Event: 0.922 Thread 0x00007f09a4019ca0 Implicit null exception at 0x00007f0994061166 to 0x00007f099406120a
Event: 1.080 Thread 0x00007f09a4019ca0 Implicit null exception at 0x00007f09940c683d to 0x00007f09940c68c1
Event: 1.095 Thread 0x00007f09a4019ca0 Exception <a 'java/lang/NoSuchMethodError'{0x0000000717fbfe78}: 'java.lang.Object java.lang.invoke.DirectMethodHandle$Holder.newInvokeSpecial(java.lang.Object, java.lang.Object, java.lang.Object, java.lang.Object, java.lang.Object, java.lang.Object, java.lang.Object)'> (0x0000000717fbfe78) 
thrown [/usr/src/debug/java21-openjdk/jdk21u-jdk-21.0.9-10/src/hotspot/share/interpreter/linkResolver.cpp, line 772]
Event: 1.150 Thread 0x00007f09a4019ca0 Exception <a 'java/lang/NoSuchMethodError'{0x000000071756ebe8}: 'int java.lang.invoke.DirectMethodHandle$Holder.invokeVirtual(java.lang.Object, java.lang.Object)'> (0x000000071756ebe8) 
thrown [/usr/src/debug/java21-openjdk/jdk21u-jdk-21.0.9-10/src/hotspot/share/interpreter/linkResolver.cpp, line 772]
Event: 1.161 Thread 0x00007f09a4019ca0 Exception <a 'java/lang/NoSuchMethodError'{0x00000007172916e8}: 'void java.lang.invoke.Invokers$Holder.invokeExact_MT(java.lang.Object, java.lang.Object, int, java.lang.Object)'> (0x00000007172916e8) 
thrown [/usr/src/debug/java21-openjdk/jdk21u-jdk-21.0.9-10/src/hotspot/share/interpreter/linkResolver.cpp, line 772]
Event: 1.295 Thread 0x00007f09a4019ca0 Exception <a 'java/lang/NoSuchMethodError'{0x00000007157d8da8}: 'long java.lang.invoke.DelegatingMethodHandle$Holder.reinvoke_L(java.lang.Object, java.lang.Object)'> (0x00000007157d8da8) 
thrown [/usr/src/debug/java21-openjdk/jdk21u-jdk-21.0.9-10/src/hotspot/share/interpreter/linkResolver.cpp, line 772]
Event: 1.295 Thread 0x00007f09a4019ca0 Exception <a 'java/lang/NoSuchMethodError'{0x00000007157e2f48}: 'void java.lang.invoke.DelegatingMethodHandle$Holder.reinvoke_L(java.lang.Object, java.lang.Object, long)'> (0x00000007157e2f48) 
thrown [/usr/src/debug/java21-openjdk/jdk21u-jdk-21.0.9-10/src/hotspot/share/interpreter/linkResolver.cpp, line 772]
Event: 1.323 Thread 0x00007f09a4bc68c0 Exception <a 'java/lang/NoSuchMethodError'{0x0000000714e83568}: 'void java.lang.System.load(java.lang.String, java.lang.Class)'> (0x0000000714e83568) 
thrown [/usr/src/debug/java21-openjdk/jdk21u-jdk-21.0.9-10/src/hotspot/share/interpreter/linkResolver.cpp, line 772]
Event: 1.324 Thread 0x00007f09a4bc68c0 Exception <a 'java/lang/NoSuchMethodError'{0x0000000714e8d800}: 'java.lang.Object java.lang.invoke.DirectMethodHandle$Holder.invokeStatic(java.lang.Object, java.lang.Object, int)'> (0x0000000714e8d800) 
thrown [/usr/src/debug/java21-openjdk/jdk21u-jdk-21.0.9-10/src/hotspot/share/interpreter/linkResolver.cpp, line 772]
Event: 1.324 Thread 0x00007f09a4bc68c0 Exception <a 'java/lang/NoSuchMethodError'{0x0000000714e91f80}: 'void java.lang.invoke.DirectMethodHandle$Holder.invokeStatic(java.lang.Object, java.lang.Object, int, java.lang.Object)'> (0x0000000714e91f80) 
thrown [/usr/src/debug/java21-openjdk/jdk21u-jdk-21.0.9-10/src/hotspot/share/interpreter/linkResolver.cpp, line 772]
Event: 1.324 Thread 0x00007f09a4bc68c0 Exception <a 'java/lang/NoSuchMethodError'{0x0000000714e99190}: 'void java.lang.invoke.DelegatingMethodHandle$Holder.delegate(java.lang.Object, java.lang.Object, int, java.lang.Object)'> (0x0000000714e99190) 
thrown [/usr/src/debug/java21-openjdk/jdk21u-jdk-21.0.9-10/src/hotspot/share/interpreter/linkResolver.cpp, line 772]
Event: 1.325 Thread 0x00007f09a4bc68c0 Exception <a 'java/lang/NoSuchMethodError'{0x0000000714eb2468}: 'void java.lang.System.loadLibrary(java.lang.String, java.lang.Class)'> (0x0000000714eb2468) 
thrown [/usr/src/debug/java21-openjdk/jdk21u-jdk-21.0.9-10/src/hotspot/share/interpreter/linkResolver.cpp, line 772]
Event: 1.350 Thread 0x00007f09a4bc68c0 Exception <a 'java/lang/NoSuchMethodError'{0x0000000714f5c3c0}: 'int java.lang.invoke.DirectMethodHandle$Holder.invokeStaticInit(java.lang.Object, java.lang.Object, int, long)'> (0x0000000714f5c3c0) 
thrown [/usr/src/debug/java21-openjdk/jdk21u-jdk-21.0.9-10/src/hotspot/share/interpreter/linkResolver.cpp, line 772]
Event: 1.350 Thread 0x00007f09a4bc68c0 Exception <a 'java/lang/NoSuchMethodError'{0x0000000714f616c8}: 'java.lang.Object java.lang.invoke.DirectMethodHandle$Holder.newInvokeSpecial(java.lang.Object, java.lang.Object, int)'> (0x0000000714f616c8) 
thrown [/usr/src/debug/java21-openjdk/jdk21u-jdk-21.0.9-10/src/hotspot/share/interpreter/linkResolver.cpp, line 772]
Event: 1.351 Thread 0x00007f09a4bc68c0 Exception <a 'java/lang/NoSuchMethodError'{0x0000000714f6f7e0}: 'int java.lang.invoke.DirectMethodHandle$Holder.invokeStaticInit(java.lang.Object, java.lang.Object, long, long)'> (0x0000000714f6f7e0) 
thrown [/usr/src/debug/java21-openjdk/jdk21u-jdk-21.0.9-10/src/hotspot/share/interpreter/linkResolver.cpp, line 772]
Event: 1.351 Thread 0x00007f09a4bc68c0 Exception <a 'java/lang/NoSuchMethodError'{0x0000000714f7b2e8}: 'java.lang.Object java.lang.invoke.DirectMethodHandle$Holder.newInvokeSpecial(java.lang.Object, java.lang.Object, long)'> (0x0000000714f7b2e8) 
thrown [/usr/src/debug/java21-openjdk/jdk21u-jdk-21.0.9-10/src/hotspot/share/interpreter/linkResolver.cpp, line 772]
Event: 1.351 Thread 0x00007f09a4bc68c0 Exception <a 'java/lang/NoSuchMethodError'{0x0000000714f7f200}: 'java.lang.Object java.lang.invoke.Invokers$Holder.linkToTargetMethod(java.lang.Object, long, java.lang.Object)'> (0x0000000714f7f200) 
thrown [/usr/src/debug/java21-openjdk/jdk21u-jdk-21.0.9-10/src/hotspot/share/interpreter/linkResolver.cpp, line 772]
Event: 1.352 Thread 0x00007f09a4bc68c0 Exception <a 'java/lang/NoSuchMethodError'{0x0000000714f86528}: 'int java.lang.invoke.DirectMethodHandle$Holder.invokeStaticInit(java.lang.Object, java.lang.Object, java.lang.Object, long)'> (0x0000000714f86528) 
thrown [/usr/src/debug/java21-openjdk/jdk21u-jdk-21.0.9-10/src/hotspot/share/interpreter/linkResolver.cpp, line 772]
Event: 1.523 Thread 0x00007f09a4bc68c0 Exception <a 'java/lang/NoSuchMethodError'{0x0000000714c49d88}: 'void java.lang.System.load(java.lang.String, java.lang.Class)'> (0x0000000714c49d88) 
thrown [/usr/src/debug/java21-openjdk/jdk21u-jdk-21.0.9-10/src/hotspot/share/interpreter/linkResolver.cpp, line 772]
Event: 1.523 Thread 0x00007f09a4bc68c0 Exception <a 'java/lang/NoSuchMethodError'{0x0000000714c4c7b8}: 'void java.lang.System.loadLibrary(java.lang.String, java.lang.Class)'> (0x0000000714c4c7b8) 
thrown [/usr/src/debug/java21-openjdk/jdk21u-jdk-21.0.9-10/src/hotspot/share/interpreter/linkResolver.cpp, line 772]

ZGC Phase Switch (0 events):
No events

VM Operations (20 events):
Event: 1.114 Executing VM operation: HandshakeAllThreads (Deoptimize)
Event: 1.114 Executing VM operation: HandshakeAllThreads (Deoptimize) done
Event: 1.138 Executing VM operation: ICBufferFull
Event: 1.138 Executing VM operation: ICBufferFull done
Event: 1.229 Executing VM operation: ICBufferFull
Event: 1.229 Executing VM operation: ICBufferFull done
Event: 1.290 Executing VM operation: HandshakeAllThreads (Deoptimize)
Event: 1.290 Executing VM operation: HandshakeAllThreads (Deoptimize) done
Event: 1.297 Executing VM operation: HandshakeAllThreads (Deoptimize)
Event: 1.297 Executing VM operation: HandshakeAllThreads (Deoptimize) done
Event: 1.347 Executing VM operation: HandshakeAllThreads (Deoptimize)
Event: 1.347 Executing VM operation: HandshakeAllThreads (Deoptimize) done
Event: 1.348 Executing VM operation: HandshakeAllThreads (Deoptimize)
Event: 1.348 Executing VM operation: HandshakeAllThreads (Deoptimize) done
Event: 1.623 Executing VM operation: CollectForMetadataAllocation (Metadata GC Threshold)
Event: 1.629 Executing VM operation: CollectForMetadataAllocation (Metadata GC Threshold) done
Event: 1.632 Executing VM operation: G1PauseRemark
Event: 1.634 Executing VM operation: G1PauseRemark done
Event: 1.635 Executing VM operation: G1PauseCleanup
Event: 1.635 Executing VM operation: G1PauseCleanup done

Memory protections (20 events):
Event: 0.020 Protecting memory [0x00007f0988042000,0x00007f0988046000] with protection modes 0
Event: 0.020 Protecting memory [0x00007f0979f00000,0x00007f0979f04000] with protection modes 0
Event: 0.020 Protecting memory [0x00007f0979b00000,0x00007f0979b04000] with protection modes 0
Event: 0.021 Protecting memory [0x00007f09799ff000,0x00007f0979a03000] with protection modes 0
Event: 0.021 Protecting memory [0x00007f09798fe000,0x00007f0979902000] with protection modes 0
Event: 0.021 Protecting memory [0x00007f09797fd000,0x00007f0979801000] with protection modes 0
Event: 0.021 Protecting memory [0x00007f09796fc000,0x00007f0979700000] with protection modes 0
Event: 0.025 Protecting memory [0x00007f097952a000,0x00007f097952e000] with protection modes 0
Event: 0.028 Protecting memory [0x00007f0979429000,0x00007f097942d000] with protection modes 0
Event: 0.029 Protecting memory [0x00007f0979328000,0x00007f097932c000] with protection modes 0
Event: 0.081 Protecting memory [0x00007f0979227000,0x00007f097922b000] with protection modes 0
Event: 0.109 Protecting memory [0x00007f0979126000,0x00007f097912a000] with protection modes 0
Event: 0.189 Protecting memory [0x00007f0979126000,0x00007f097912a000] with protection modes 0
Event: 0.189 Protecting memory [0x00007f0979025000,0x00007f0979029000] with protection modes 0
Event: 0.337 Protecting memory [0x00007f0978d00000,0x00007f0978d04000] with protection modes 0
Event: 0.341 Protecting memory [0x00007f0978bff000,0x00007f0978c03000] with protection modes 0
Event: 0.772 Protecting memory [0x00007f09786fa000,0x00007f09786fe000] with protection modes 0
Event: 1.298 Protecting memory [0x00007f09780f4000,0x00007f09780f8000] with protection modes 0
Event: 1.298 Protecting memory [0x00007f0926f00000,0x00007f0926f04000] with protection modes 0
Event: 1.302 Protecting memory [0x00007f0926dff000,0x00007f0926e03000] with protection modes 0

Nmethod flushes (0 events):
No events

Events (20 events):
Event: 0.020 Thread 0x00007f09a4019ca0 Thread added: 0x00007f09a416a8d0
Event: 0.020 Thread 0x00007f09a4019ca0 Thread added: 0x00007f09a416c060
Event: 0.021 Thread 0x00007f09a4019ca0 Thread added: 0x00007f09a416d6a0
Event: 0.021 Thread 0x00007f09a4019ca0 Thread added: 0x00007f09a416ec40
Event: 0.021 Thread 0x00007f09a4019ca0 Thread added: 0x00007f09a4170800
Event: 0.021 Thread 0x00007f09a4019ca0 Thread added: 0x00007f09a4171ec0
Event: 0.025 Thread 0x00007f09a4170800 Thread added: 0x00007f090c09ed00
Event: 0.028 Thread 0x00007f09a4019ca0 Thread added: 0x00007f09a41aac80
Event: 0.029 Thread 0x00007f09a4019ca0 Thread added: 0x00007f09a41ae100
Event: 0.081 Thread 0x00007f09a4170800 Thread added: 0x00007f090c1120e0
Event: 0.109 Thread 0x00007f09a4019ca0 Thread added: 0x00007f09a43cbea0
Event: 0.113 Thread 0x00007f09a43cbea0 Thread exited: 0x00007f09a43cbea0
Event: 0.189 Thread 0x00007f09a4171ec0 Thread added: 0x00007f09000ec360
Event: 0.189 Thread 0x00007f09a4171ec0 Thread added: 0x00007f09000ed080
Event: 0.336 Thread 0x00007f09a4171ec0 Thread added: 0x00007f09001c91f0
Event: 0.341 Thread 0x00007f09000ed080 Thread added: 0x00007f08e8132d30
Event: 0.772 Thread 0x00007f09a4019ca0 Thread added: 0x00007f09a4987060
Event: 1.298 Thread 0x00007f09a4019ca0 Thread added: 0x00007f09a4bc1730
Event: 1.298 Thread 0x00007f09a4bc1730 Thread added: 0x00007f08bc000fb0
Event: 1.302 Thread 0x00007f09a4019ca0 Thread added: 0x00007f09a4bc68c0


Dynamic libraries:
415e4000-41693000 rw-p 00000000 00:00 0 
41693000-41695000 r-xs 00000000 00:01 433                                /memfd:/.glXXXXXX (deleted)
70b200000-70d600000 rw-p 00000000 00:00 0 
70d600000-713e00000 ---p 00000000 00:00 0 
713e00000-714c00000 rw-p 00000000 00:00 0 
714c00000-71a600000 ---p 00000000 00:00 0 
71a600000-71a800000 rw-p 00000000 00:00 0 
71a800000-7ffe00000 ---p 00000000 00:00 0 
7ffe00000-7fff0d000 rw-p 00cdf000 00:1b 904550                           /usr/lib/jvm/java-21-openjdk/lib/server/classes.jsa
7fff0d000-800000000 rw-p 00000000 00:00 0 
55aaeea6f000-55aaeea70000 r--p 00000000 00:1b 904312                     /usr/lib/jvm/java-21-openjdk/bin/java
55aaeea70000-55aaeea71000 r-xp 00001000 00:1b 904312                     /usr/lib/jvm/java-21-openjdk/bin/java
55aaeea71000-55aaeea72000 r--p 00002000 00:1b 904312                     /usr/lib/jvm/java-21-openjdk/bin/java
55aaeea72000-55aaeea73000 r--p 00002000 00:1b 904312                     /usr/lib/jvm/java-21-openjdk/bin/java
55aaeea73000-55aaeea74000 rw-p 00003000 00:1b 904312                     /usr/lib/jvm/java-21-openjdk/bin/java
55ab25c64000-55ab25cab000 rw-p 00000000 00:00 0                          [heap]
7f088c000000-7f088c021000 rw-p 00000000 00:00 0 
7f088c021000-7f0890000000 ---p 00000000 00:00 0 
7f08931f5000-7f0894021000 rw-p 00000000 00:00 0 
7f0894021000-7f0898000000 ---p 00000000 00:00 0 
7f0898000000-7f0898021000 rw-p 00000000 00:00 0 
7f0898021000-7f089c000000 ---p 00000000 00:00 0 
7f089c000000-7f089c021000 rw-p 00000000 00:00 0 
7f089c021000-7f08a0000000 ---p 00000000 00:00 0 
7f08a0000000-7f08a0021000 rw-p 00000000 00:00 0 
7f08a0021000-7f08a4000000 ---p 00000000 00:00 0 
7f08a4000000-7f08a42ee000 rw-p 00000000 00:00 0 
7f08a42ee000-7f08a8000000 ---p 00000000 00:00 0 
7f08a80fd000-7f08a8400000 rw-p 00000000 00:00 0 
7f08a8400000-7f08a8c00000 rw-p 00000000 00:00 0 
7f08a8c5a000-7f08a8c62000 r--p 00000000 00:27 120                        /tmp/lwjgl_jless/3.3.6+1/x64/libjemalloc.so
7f08a8c62000-7f08a8cba000 r-xp 00008000 00:27 120                        /tmp/lwjgl_jless/3.3.6+1/x64/libjemalloc.so
7f08a8cba000-7f08a8ccb000 r--p 00060000 00:27 120                        /tmp/lwjgl_jless/3.3.6+1/x64/libjemalloc.so
7f08a8ccb000-7f08a8ccc000 ---p 00071000 00:27 120                        /tmp/lwjgl_jless/3.3.6+1/x64/libjemalloc.so
7f08a8ccc000-7f08a8cd2000 r--p 00071000 00:27 120                        /tmp/lwjgl_jless/3.3.6+1/x64/libjemalloc.so
7f08a8cd2000-7f08a8cd3000 rw-p 00077000 00:27 120                        /tmp/lwjgl_jless/3.3.6+1/x64/libjemalloc.so
7f08a8cd3000-7f08a97ff000 rw-p 00000000 00:00 0 
7f08a97ff000-7f08aa800000 rw-p 00000000 00:00 0 
7f08aa800000-7f08aab12000 r--p 00000000 00:1b 776395                     /usr/lib/libnvidia-gpucomp.so.590.48.01
7f08aab12000-7f08ae80c000 r-xp 00312000 00:1b 776395                     /usr/lib/libnvidia-gpucomp.so.590.48.01
7f08ae80c000-7f08afa8a000 r--p 0400c000 00:1b 776395                     /usr/lib/libnvidia-gpucomp.so.590.48.01
7f08afa8a000-7f08afa8b000 ---p 0528a000 00:1b 776395                     /usr/lib/libnvidia-gpucomp.so.590.48.01
7f08afa8b000-7f08afc94000 r--p 0528a000 00:1b 776395                     /usr/lib/libnvidia-gpucomp.so.590.48.01
7f08afc94000-7f08afda1000 rw-p 05493000 00:1b 776395                     /usr/lib/libnvidia-gpucomp.so.590.48.01
7f08afda1000-7f08afe45000 rw-p 00000000 00:00 0 
7f08afeff000-7f08b0000000 rw-p 00000000 00:00 0 
7f08b0000000-7f08b0021000 rw-p 00000000 00:00 0 
7f08b0021000-7f08b4000000 ---p 00000000 00:00 0 
7f08b4000000-7f08b518c000 rw-p 00000000 00:00 0 
7f08b518c000-7f08b8000000 ---p 00000000 00:00 0 
7f08b8000000-7f08b8021000 rw-p 00000000 00:00 0 
7f08b8021000-7f08bc000000 ---p 00000000 00:00 0 
7f08bc000000-7f08bc021000 rw-p 00000000 00:00 0 
7f08bc021000-7f08c0000000 ---p 00000000 00:00 0 
7f08c0000000-7f08c0021000 rw-p 00000000 00:00 0 
7f08c0021000-7f08c4000000 ---p 00000000 00:00 0 
7f08c4000000-7f08c4021000 rw-p 00000000 00:00 0 
7f08c4021000-7f08c8000000 ---p 00000000 00:00 0 
7f08c8000000-7f08c8021000 rw-p 00000000 00:00 0 
7f08c8021000-7f08cc000000 ---p 00000000 00:00 0 
7f08cc000000-7f08cc021000 rw-p 00000000 00:00 0 
7f08cc021000-7f08d0000000 ---p 00000000 00:00 0 
7f08d0000000-7f08d0021000 rw-p 00000000 00:00 0 
7f08d0021000-7f08d4000000 ---p 00000000 00:00 0 
7f08d4000000-7f08d4021000 rw-p 00000000 00:00 0 
7f08d4021000-7f08d8000000 ---p 00000000 00:00 0 
7f08d8000000-7f08d8021000 rw-p 00000000 00:00 0 
7f08d8021000-7f08dc000000 ---p 00000000 00:00 0 
7f08dc000000-7f08dc021000 rw-p 00000000 00:00 0 
7f08dc021000-7f08e0000000 ---p 00000000 00:00 0 
7f08e0000000-7f08e0db5000 rw-p 00000000 00:00 0 
7f08e0db5000-7f08e4000000 ---p 00000000 00:00 0 
7f08e4000000-7f08e4021000 rw-p 00000000 00:00 0 
7f08e4021000-7f08e8000000 ---p 00000000 00:00 0 
7f08e8000000-7f08e833f000 rw-p 00000000 00:00 0 
7f08e833f000-7f08ec000000 ---p 00000000 00:00 0 
7f08ec000000-7f08ec6a1000 rw-p 00000000 00:00 0 
7f08ec6a1000-7f08f0000000 ---p 00000000 00:00 0 
7f08f0000000-7f08f10c1000 rw-p 00000000 00:00 0 
7f08f10c1000-7f08f4000000 ---p 00000000 00:00 0 
7f08f4000000-7f08f41f6000 rw-p 00000000 00:00 0 
7f08f41f6000-7f08f8000000 ---p 00000000 00:00 0 
7f08f8000000-7f08f8021000 rw-p 00000000 00:00 0 
7f08f8021000-7f08fc000000 ---p 00000000 00:00 0 
7f08fc000000-7f08fc021000 rw-p 00000000 00:00 0 
7f08fc021000-7f0900000000 ---p 00000000 00:00 0 
7f0900000000-7f090031a000 rw-p 00000000 00:00 0 
7f090031a000-7f0904000000 ---p 00000000 00:00 0 
7f0904000000-7f09042be000 rw-p 00000000 00:00 0 
7f09042be000-7f0908000000 ---p 00000000 00:00 0 
7f0908000000-7f0908021000 rw-p 00000000 00:00 0 
7f0908021000-7f090c000000 ---p 00000000 00:00 0 
7f090c000000-7f090cec1000 rw-p 00000000 00:00 0 
7f090cec1000-7f0910000000 ---p 00000000 00:00 0 
7f0910000000-7f0910021000 rw-p 00000000 00:00 0 
7f0910021000-7f0914000000 ---p 00000000 00:00 0 
7f0914000000-7f0914021000 rw-p 00000000 00:00 0 
7f0914021000-7f0918000000 ---p 00000000 00:00 0 
7f0918000000-7f0918021000 rw-p 00000000 00:00 0 
7f0918021000-7f091c000000 ---p 00000000 00:00 0 
7f091c000000-7f091c021000 rw-p 00000000 00:00 0 
7f091c021000-7f0920000000 ---p 00000000 00:00 0 
7f0920000000-7f0920021000 rw-p 00000000 00:00 0 
7f0920021000-7f0924000000 ---p 00000000 00:00 0 
7f092401f000-7f092409f000 rw-s 00000000 00:06 914                        /dev/nvidia0
7f092409f000-7f09241a0000 rw-p 00000000 00:00 0 
7f09241a0000-7f09241d3000 r--p 00000000 00:27 121                        /tmp/lwjgl_jless/3.3.6+1/x64/liblwjgl_opengl.so
7f09241d3000-7f09241e7000 r-xp 00033000 00:27 121                        /tmp/lwjgl_jless/3.3.6+1/x64/liblwjgl_opengl.so
7f09241e7000-7f09241f7000 r--p 00047000 00:27 121                        /tmp/lwjgl_jless/3.3.6+1/x64/liblwjgl_opengl.so
7f09241f7000-7f09241f8000 r--p 00056000 00:27 121                        /tmp/lwjgl_jless/3.3.6+1/x64/liblwjgl_opengl.so
7f09241f8000-7f09241f9000 rw-p 00057000 00:27 121                        /tmp/lwjgl_jless/3.3.6+1/x64/liblwjgl_opengl.so
7f09241f9000-7f0924279000 rw-s 00000000 00:06 912                        /dev/nvidiactl
7f0924279000-7f0924379000 rw-s 00000000 00:06 912                        /dev/nvidiactl
7f0924379000-7f09243f9000 rw-s 00000000 00:06 912                        /dev/nvidiactl
7f09243f9000-7f0924439000 rw-s 00000000 00:06 912                        /dev/nvidiactl
7f0924439000-7f0924459000 rw-s 00000000 00:06 912                        /dev/nvidiactl
7f0924459000-7f09244d9000 rw-s 00000000 00:06 914                        /dev/nvidia0
7f09244d9000-7f09244ee000 r--p 00000000 00:1b 733898                     /usr/lib/libsystemd.so.0.42.0
7f09244ee000-7f09245b2000 r-xp 00015000 00:1b 733898                     /usr/lib/libsystemd.so.0.42.0
7f09245b2000-7f09245f5000 r--p 000d9000 00:1b 733898                     /usr/lib/libsystemd.so.0.42.0
7f09245f5000-7f09245fe000 r--p 0011c000 00:1b 733898                     /usr/lib/libsystemd.so.0.42.0
7f09245fe000-7f09245ff000 rw-p 00125000 00:1b 733898                     /usr/lib/libsystemd.so.0.42.0
7f09245ff000-7f0924600000 rw-p 00000000 00:00 0 
7f0924600000-7f092484f000 r-xp 00000000 00:1b 776389                     /usr/lib/libnvidia-glcore.so.590.48.01
7f092484f000-7f0924870000 rwxp 0024f000 00:1b 776389                     /usr/lib/libnvidia-glcore.so.590.48.01
7f0924870000-7f0924a00000 r-xp 00270000 00:1b 776389                     /usr/lib/libnvidia-glcore.so.590.48.01
7f0924a00000-7f0925600000 r-xp 00400000 00:1b 776389                     /usr/lib/libnvidia-glcore.so.590.48.01
7f0925600000-7f092669a000 r-xp 01000000 00:1b 776389                     /usr/lib/libnvidia-glcore.so.590.48.01
7f092669a000-7f092669b000 ---p 0209a000 00:1b 776389                     /usr/lib/libnvidia-glcore.so.590.48.01
7f092669b000-7f0926810000 r--p 0209a000 00:1b 776389                     /usr/lib/libnvidia-glcore.so.590.48.01
7f0926810000-7f0926873000 rw-p 0220f000 00:1b 776389                     /usr/lib/libnvidia-glcore.so.590.48.01
7f0926873000-7f0926892000 rw-p 00000000 00:00 0 
7f092689f000-7f09268a1000 r--p 00000000 00:1b 75715                      /usr/lib/libEGL.so.1.1.0
7f09268a1000-7f09268ab000 r-xp 00002000 00:1b 75715                      /usr/lib/libEGL.so.1.1.0
7f09268ab000-7f09268af000 r--p 0000c000 00:1b 75715                      /usr/lib/libEGL.so.1.1.0
7f09268af000-7f09268b0000 r--p 0000f000 00:1b 75715                      /usr/lib/libEGL.so.1.1.0
7f09268b0000-7f09268b1000 rw-p 00010000 00:1b 75715                      /usr/lib/libEGL.so.1.1.0
7f09268b1000-7f09268f1000 rw-s 00000000 00:06 912                        /dev/nvidiactl
7f09268f1000-7f0926911000 rw-s 00000000 00:06 912                        /dev/nvidiactl
7f0926911000-7f0926951000 rw-s 00000000 00:06 912                        /dev/nvidiactl
7f0926951000-7f0926954000 r--p 00000000 00:1b 776374                     /usr/lib/libnvidia-allocator.so.590.48.01
7f0926954000-7f092696d000 r-xp 00003000 00:1b 776374                     /usr/lib/libnvidia-allocator.so.590.48.01
7f092696d000-7f0926978000 r--p 0001c000 00:1b 776374                     /usr/lib/libnvidia-allocator.so.590.48.01
7f0926978000-7f0926979000 r--p 00026000 00:1b 776374                     /usr/lib/libnvidia-allocator.so.590.48.01
7f0926979000-7f092697a000 rw-p 00027000 00:1b 776374                     /usr/lib/libnvidia-allocator.so.590.48.01
7f092697a000-7f092697b000 rw-p 00000000 00:00 0 
7f092697b000-7f0926980000 r--p 00000000 00:1b 75301                      /usr/lib/libdrm.so.2.131.0
7f0926980000-7f092698c000 r-xp 00005000 00:1b 75301                      /usr/lib/libdrm.so.2.131.0
7f092698c000-7f0926990000 r--p 00011000 00:1b 75301                      /usr/lib/libdrm.so.2.131.0
7f0926990000-7f0926991000 r--p 00015000 00:1b 75301                      /usr/lib/libdrm.so.2.131.0
7f0926991000-7f0926992000 rw-p 00016000 00:1b 75301                      /usr/lib/libdrm.so.2.131.0
7f0926992000-7f09269a0000 r--p 00000000 00:1b 26097                      /usr/lib/libdbus-1.so.3.38.3
7f09269a0000-7f09269d1000 r-xp 0000e000 00:1b 26097                      /usr/lib/libdbus-1.so.3.38.3
7f09269d1000-7f09269e2000 r--p 0003f000 00:1b 26097                      /usr/lib/libdbus-1.so.3.38.3
7f09269e2000-7f09269e4000 r--p 0004f000 00:1b 26097                      /usr/lib/libdbus-1.so.3.38.3
7f09269e4000-7f09269e5000 rw-p 00051000 00:1b 26097                      /usr/lib/libdbus-1.so.3.38.3
7f09269e5000-7f09269f5000 r--p 00000000 00:1b 776391                     /usr/lib/libnvidia-glsi.so.590.48.01
7f09269f5000-7f0926a55000 r-xp 00010000 00:1b 776391                     /usr/lib/libnvidia-glsi.so.590.48.01
7f0926a55000-7f0926a72000 r--p 00070000 00:1b 776391                     /usr/lib/libnvidia-glsi.so.590.48.01
7f0926a72000-7f0926a78000 r--p 0008c000 00:1b 776391                     /usr/lib/libnvidia-glsi.so.590.48.01
7f0926a78000-7f0926a79000 rw-p 00092000 00:1b 776391                     /usr/lib/libnvidia-glsi.so.590.48.01
7f0926a79000-7f0926a81000 rw-p 00000000 00:00 0 
7f0926a81000-7f0926ad2000 r--p 00000000 00:1b 776362                     /usr/lib/libGLX_nvidia.so.590.48.01
7f0926ad2000-7f0926b2f000 r-xp 00051000 00:1b 776362                     /usr/lib/libGLX_nvidia.so.590.48.01
7f0926b2f000-7f0926b64000 rwxp 000ae000 00:1b 776362                     /usr/lib/libGLX_nvidia.so.590.48.01
7f0926b64000-7f0926b65000 r-xp 000e3000 00:1b 776362                     /usr/lib/libGLX_nvidia.so.590.48.01
7f0926b65000-7f0926b85000 r--p 000e4000 00:1b 776362                     /usr/lib/libGLX_nvidia.so.590.48.01
7f0926b85000-7f0926ba5000 r--p 00103000 00:1b 776362                     /usr/lib/libGLX_nvidia.so.590.48.01
7f0926ba5000-7f0926baa000 rw-p 00123000 00:1b 776362                     /usr/lib/libGLX_nvidia.so.590.48.01
7f0926baa000-7f0926bac000 rw-p 00000000 00:00 0 
7f0926bac000-7f0926bae000 r--p 00000000 00:1b 75727                      /usr/lib/libGLdispatch.so.0.0.0
7f0926bae000-7f0926bb1000 r-xp 00002000 00:1b 75727                      /usr/lib/libGLdispatch.so.0.0.0
7f0926bb1000-7f0926bec000 r-xp 00005000 00:1b 75727                      /usr/lib/libGLdispatch.so.0.0.0
7f0926bec000-7f0926bed000 r-xp 00040000 00:1b 75727                      /usr/lib/libGLdispatch.so.0.0.0
7f0926bed000-7f0926c00000 r--p 00041000 00:1b 75727                      /usr/lib/libGLdispatch.so.0.0.0
7f0926c00000-7f0926c1c000 r--p 00054000 00:1b 75727                      /usr/lib/libGLdispatch.so.0.0.0
7f0926c1c000-7f0926c1d000 rw-p 00070000 00:1b 75727                      /usr/lib/libGLdispatch.so.0.0.0
7f0926c1d000-7f0926c25000 rw-p 00000000 00:00 0 
7f0926c25000-7f0926c3c000 r--p 00000000 00:1b 744039                     /usr/lib/libX11.so.6.4.0
7f0926c3c000-7f0926cd1000 r-xp 00017000 00:1b 744039                     /usr/lib/libX11.so.6.4.0
7f0926cd1000-7f0926d60000 r--p 000ac000 00:1b 744039                     /usr/lib/libX11.so.6.4.0
7f0926d60000-7f0926d63000 r--p 0013a000 00:1b 744039                     /usr/lib/libX11.so.6.4.0
7f0926d63000-7f0926d67000 rw-p 0013d000 00:1b 744039                     /usr/lib/libX11.so.6.4.0
7f0926d67000-7f0926d77000 r--p 00000000 00:27 119                        /tmp/lwjgl_jless/3.3.6+1/x64/libglfw.so
7f0926d77000-7f0926d98000 r-xp 00010000 00:27 119                        /tmp/lwjgl_jless/3.3.6+1/x64/libglfw.so
7f0926d98000-7f0926dd4000 r--p 00031000 00:27 119                        /tmp/lwjgl_jless/3.3.6+1/x64/libglfw.so
7f0926dd4000-7f0926dd8000 r--p 0006c000 00:27 119                        /tmp/lwjgl_jless/3.3.6+1/x64/libglfw.so
7f0926dd8000-7f0926ddb000 rw-p 00070000 00:27 119                        /tmp/lwjgl_jless/3.3.6+1/x64/libglfw.so
7f0926ddb000-7f0926dfe000 rw-p 00000000 00:00 0 
7f0926dfe000-7f0926dff000 rw-p 00000000 00:00 0 
7f0926dff000-7f0926e03000 ---p 00000000 00:00 0 
7f0926e03000-7f0926f00000 rw-p 00000000 00:00 0 
7f0926f00000-7f0926f04000 ---p 00000000 00:00 0 
7f0926f04000-7f0927000000 rw-p 00000000 00:00 0 
7f0927000000-7f0927400000 rw-p 00000000 00:00 0 
7f0927400000-7f0927f80000 rw-p 00000000 00:00 0 
7f0927f80000-7f0928000000 rw-p 00000000 00:00 0 
7f0928000000-7f0928470000 rw-p 00000000 00:00 0 
7f0928470000-7f092b000000 ---p 00000000 00:00 0 
7f092b000000-7f092bca0000 rw-p 00001000 00:1b 904550                     /usr/lib/jvm/java-21-openjdk/lib/server/classes.jsa
7f092bca0000-7f092c000000 ---p 00000000 00:00 0 
7f092c000000-7f092c040000 rw-p 00000000 00:00 0 
7f092c040000-7f092c080000 rw-p 00000000 00:00 0 
7f092c080000-7f092c1c0000 rw-p 00000000 00:00 0 
7f092c1c0000-7f092c1e0000 rw-p 00000000 00:00 0 
7f092c1e0000-7f092c200000 ---p 00000000 00:00 0 
7f092c200000-7f092c280000 rw-p 00000000 00:00 0 
7f092c280000-7f096c000000 ---p 00000000 00:00 0 
7f096c000000-7f096c021000 rw-p 00000000 00:00 0 
7f096c021000-7f0970000000 ---p 00000000 00:00 0 
7f0970000000-7f0970021000 rw-p 00000000 00:00 0 
7f0970021000-7f0974000000 ---p 00000000 00:00 0 
7f0974000000-7f0974021000 rw-p 00000000 00:00 0 
7f0974021000-7f0978000000 ---p 00000000 00:00 0 
7f0978001000-7f0978014000 rw-s 00000000 00:06 912                        /dev/nvidiactl
7f0978014000-7f0978034000 rw-s 00000000 00:06 912                        /dev/nvidiactl
7f0978034000-7f0978037000 r--p 00000000 00:1b 67571                      /usr/lib/libxcb-xfixes.so.0.0.0
7f0978037000-7f097803a000 r-xp 00003000 00:1b 67571                      /usr/lib/libxcb-xfixes.so.0.0.0
7f097803a000-7f097803b000 r--p 00006000 00:1b 67571                      /usr/lib/libxcb-xfixes.so.0.0.0
7f097803b000-7f097803c000 r--p 00007000 00:1b 67571                      /usr/lib/libxcb-xfixes.so.0.0.0
7f097803c000-7f097803d000 rw-p 00008000 00:1b 67571                      /usr/lib/libxcb-xfixes.so.0.0.0
7f097803d000-7f0978040000 r--p 00000000 00:1b 67565                      /usr/lib/libxcb-sync.so.1.0.0
7f0978040000-7f0978043000 r-xp 00003000 00:1b 67565                      /usr/lib/libxcb-sync.so.1.0.0
7f0978043000-7f0978044000 r--p 00006000 00:1b 67565                      /usr/lib/libxcb-sync.so.1.0.0
7f0978044000-7f0978045000 r--p 00007000 00:1b 67565                      /usr/lib/libxcb-sync.so.1.0.0
7f0978045000-7f0978046000 rw-p 00008000 00:1b 67565                      /usr/lib/libxcb-sync.so.1.0.0
7f0978046000-7f0978048000 r--p 00000000 00:1b 75724                      /usr/lib/libGLX.so.0.0.0
7f0978048000-7f0978062000 r-xp 00002000 00:1b 75724                      /usr/lib/libGLX.so.0.0.0
7f0978062000-7f0978065000 r--p 0001c000 00:1b 75724                      /usr/lib/libGLX.so.0.0.0
7f0978065000-7f0978066000 r--p 0001f000 00:1b 75724                      /usr/lib/libGLX.so.0.0.0
7f0978066000-7f0978067000 rw-p 00020000 00:1b 75724                      /usr/lib/libGLX.so.0.0.0
7f0978067000-7f0978077000 rw-p 00000000 00:00 0 
7f0978077000-7f09780a3000 r--p 00000000 00:27 118                        /tmp/lwjgl_jless/3.3.6+1/x64/liblwjgl.so
7f09780a3000-7f09780d7000 r-xp 0002c000 00:27 118                        /tmp/lwjgl_jless/3.3.6+1/x64/liblwjgl.so
7f09780d7000-7f09780f1000 r--p 00060000 00:27 118                        /tmp/lwjgl_jless/3.3.6+1/x64/liblwjgl.so
7f09780f1000-7f09780f2000 r--p 00079000 00:27 118                        /tmp/lwjgl_jless/3.3.6+1/x64/liblwjgl.so
7f09780f2000-7f09780f3000 rw-p 0007a000 00:27 118                        /tmp/lwjgl_jless/3.3.6+1/x64/liblwjgl.so
7f09780f3000-7f09780f4000 rw-p 00000000 00:00 0 
7f09780f4000-7f09780f8000 ---p 00000000 00:00 0 
7f09780f8000-7f09786fa000 rw-p 00000000 00:00 0 
7f09786fa000-7f09786fe000 ---p 00000000 00:00 0 
7f09786fe000-7f0978bff000 rw-p 00000000 00:00 0 
7f0978bff000-7f0978c03000 ---p 00000000 00:00 0 
7f0978c03000-7f0978d00000 rw-p 00000000 00:00 0 
7f0978d00000-7f0978d04000 ---p 00000000 00:00 0 
7f0978d04000-7f0978e00000 rw-p 00000000 00:00 0 
7f0978e00000-7f0978e03000 r-xp 00000000 00:27 660                        /tmp/jansi-2.4.2-2fb467531c008296-libjansi.so
7f0978e03000-7f0979002000 ---p 00003000 00:27 660                        /tmp/jansi-2.4.2-2fb467531c008296-libjansi.so
7f0979002000-7f0979003000 r--p 00002000 00:27 660                        /tmp/jansi-2.4.2-2fb467531c008296-libjansi.so
7f0979003000-7f0979004000 rw-p 00003000 00:27 660                        /tmp/jansi-2.4.2-2fb467531c008296-libjansi.so
7f0979007000-7f0979013000 r--p 00000000 00:1b 67538                      /usr/lib/libxcb-glx.so.0.0.0
7f0979013000-7f097901c000 r-xp 0000c000 00:1b 67538                      /usr/lib/libxcb-glx.so.0.0.0
7f097901c000-7f0979021000 r--p 00015000 00:1b 67538                      /usr/lib/libxcb-glx.so.0.0.0
7f0979021000-7f0979023000 r--p 0001a000 00:1b 67538                      /usr/lib/libxcb-glx.so.0.0.0
7f0979023000-7f0979024000 rw-p 0001c000 00:1b 67538                      /usr/lib/libxcb-glx.so.0.0.0
7f0979024000-7f0979025000 rw-p 00000000 00:00 0 
7f0979025000-7f0979029000 ---p 00000000 00:00 0 
7f0979029000-7f0979126000 rw-p 00000000 00:00 0 
7f0979126000-7f097912a000 ---p 00000000 00:00 0 
7f097912a000-7f0979227000 rw-p 00000000 00:00 0 
7f0979227000-7f097922b000 ---p 00000000 00:00 0 
7f097922b000-7f0979328000 rw-p 00000000 00:00 0 
7f0979328000-7f097932c000 ---p 00000000 00:00 0 
7f097932c000-7f0979429000 rw-p 00000000 00:00 0 
7f0979429000-7f097942d000 ---p 00000000 00:00 0 
7f097942d000-7f097952a000 rw-p 00000000 00:00 0 
7f097952a000-7f097952e000 ---p 00000000 00:00 0 
7f097952e000-7f097962a000 rw-p 00000000 00:00 0 
7f097962a000-7f097962f000 r--p 00000000 00:1b 904526                     /usr/lib/jvm/java-21-openjdk/lib/libjsvml.so
7f097962f000-7f0979670000 r-xp 00005000 00:1b 904526                     /usr/lib/jvm/java-21-openjdk/lib/libjsvml.so
7f0979670000-7f09796f9000 r--p 00046000 00:1b 904526                     /usr/lib/jvm/java-21-openjdk/lib/libjsvml.so
7f09796f9000-7f09796fa000 r--p 000ce000 00:1b 904526                     /usr/lib/jvm/java-21-openjdk/lib/libjsvml.so
7f09796fa000-7f09796fb000 rw-p 000cf000 00:1b 904526                     /usr/lib/jvm/java-21-openjdk/lib/libjsvml.so
7f09796fb000-7f09796fc000 rw-p 00000000 00:00 0 
7f09796fc000-7f0979700000 ---p 00000000 00:00 0 
7f0979700000-7f09797fd000 rw-p 00000000 00:00 0 
7f09797fd000-7f0979801000 ---p 00000000 00:00 0 
7f0979801000-7f09798fe000 rw-p 00000000 00:00 0 
7f09798fe000-7f0979902000 ---p 00000000 00:00 0 
7f0979902000-7f09799ff000 rw-p 00000000 00:00 0 
7f09799ff000-7f0979a03000 ---p 00000000 00:00 0 
7f0979a03000-7f0979b00000 rw-p 00000000 00:00 0 
7f0979b00000-7f0979b04000 ---p 00000000 00:00 0 
7f0979b04000-7f0979c00000 rw-p 00000000 00:00 0 
7f0979c00000-7f0979eec000 r--p 00000000 00:1b 61508                      /usr/lib/locale/locale-archive
7f0979eed000-7f0979ef4000 r--p 00000000 00:1b 67544                      /usr/lib/libxcb-randr.so.0.1.0
7f0979ef4000-7f0979efa000 r-xp 00007000 00:1b 67544                      /usr/lib/libxcb-randr.so.0.1.0
7f0979efa000-7f0979efd000 r--p 0000d000 00:1b 67544                      /usr/lib/libxcb-randr.so.0.1.0
7f0979efd000-7f0979efe000 r--p 00010000 00:1b 67544                      /usr/lib/libxcb-randr.so.0.1.0
7f0979efe000-7f0979eff000 rw-p 00011000 00:1b 67544                      /usr/lib/libxcb-randr.so.0.1.0
7f0979eff000-7f0979f00000 rw-p 00000000 00:00 0 
7f0979f00000-7f0979f04000 ---p 00000000 00:00 0 
7f0979f04000-7f097a000000 rw-p 00000000 00:00 0 
7f097a000000-7f097c021000 rw-p 00000000 00:00 0 
7f097c021000-7f0980000000 ---p 00000000 00:00 0 
7f0980000000-7f0980021000 rw-p 00000000 00:00 0 
7f0980021000-7f0984000000 ---p 00000000 00:00 0 
7f0984000000-7f0984021000 rw-p 00000000 00:00 0 
7f0984021000-7f0988000000 ---p 00000000 00:00 0 
7f0988005000-7f0988006000 r--p 00000000 00:1b 67541                      /usr/lib/libxcb-present.so.0.0.0
7f0988006000-7f0988007000 r-xp 00001000 00:1b 67541                      /usr/lib/libxcb-present.so.0.0.0
7f0988007000-7f0988008000 r--p 00002000 00:1b 67541                      /usr/lib/libxcb-present.so.0.0.0
7f0988008000-7f0988009000 r--p 00002000 00:1b 67541                      /usr/lib/libxcb-present.so.0.0.0
7f0988009000-7f098800a000 rw-p 00003000 00:1b 67541                      /usr/lib/libxcb-present.so.0.0.0
7f098800a000-7f098800c000 r--p 00000000 00:1b 67535                      /usr/lib/libxcb-dri3.so.0.1.0
7f098800c000-7f098800e000 r-xp 00002000 00:1b 67535                      /usr/lib/libxcb-dri3.so.0.1.0
7f098800e000-7f098800f000 r--p 00004000 00:1b 67535                      /usr/lib/libxcb-dri3.so.0.1.0
7f098800f000-7f0988010000 r--p 00004000 00:1b 67535                      /usr/lib/libxcb-dri3.so.0.1.0
7f0988010000-7f0988011000 rw-p 00005000 00:1b 67535                      /usr/lib/libxcb-dri3.so.0.1.0
7f0988011000-7f0988012000 r--p 00000000 00:1b 776427                     /usr/lib/libnvidia-tls.so.590.48.01
7f0988012000-7f0988014000 r-xp 00001000 00:1b 776427                     /usr/lib/libnvidia-tls.so.590.48.01
7f0988014000-7f0988015000 r--p 00003000 00:1b 776427                     /usr/lib/libnvidia-tls.so.590.48.01
7f0988015000-7f0988016000 r--p 00003000 00:1b 776427                     /usr/lib/libnvidia-tls.so.590.48.01
7f0988016000-7f0988017000 rw-p 00004000 00:1b 776427                     /usr/lib/libnvidia-tls.so.590.48.01
7f0988017000-7f0988018000 r--p 00000000 00:1b 744036                     /usr/lib/libX11-xcb.so.1.0.0
7f0988018000-7f0988019000 r-xp 00001000 00:1b 744036                     /usr/lib/libX11-xcb.so.1.0.0
7f0988019000-7f098801a000 r--p 00002000 00:1b 744036                     /usr/lib/libX11-xcb.so.1.0.0
7f098801a000-7f098801b000 r--p 00002000 00:1b 744036                     /usr/lib/libX11-xcb.so.1.0.0
7f098801b000-7f098801c000 rw-p 00003000 00:1b 744036                     /usr/lib/libX11-xcb.so.1.0.0
7f098801c000-7f098801d000 r--p 00000000 00:1b 75871                      /usr/lib/libXinerama.so.1.0.0
7f098801d000-7f098801e000 r-xp 00001000 00:1b 75871                      /usr/lib/libXinerama.so.1.0.0
7f098801e000-7f098801f000 r--p 00002000 00:1b 75871                      /usr/lib/libXinerama.so.1.0.0
7f098801f000-7f0988020000 r--p 00002000 00:1b 75871                      /usr/lib/libXinerama.so.1.0.0
7f0988020000-7f0988021000 rw-p 00003000 00:1b 75871                      /usr/lib/libXinerama.so.1.0.0
7f0988021000-7f0988024000 r--p 00000000 00:1b 75788                      /usr/lib/libXcursor.so.1.0.2
7f0988024000-7f098802a000 r-xp 00003000 00:1b 75788                      /usr/lib/libXcursor.so.1.0.2
7f098802a000-7f098802c000 r--p 00009000 00:1b 75788                      /usr/lib/libXcursor.so.1.0.2
7f098802c000-7f098802d000 r--p 0000a000 00:1b 75788                      /usr/lib/libXcursor.so.1.0.2
7f098802d000-7f098802e000 rw-p 0000b000 00:1b 75788                      /usr/lib/libXcursor.so.1.0.2
7f098802e000-7f0988031000 r--p 00000000 00:1b 71292                      /usr/lib/libXi.so.6.1.0
7f0988031000-7f098803d000 r-xp 00003000 00:1b 71292                      /usr/lib/libXi.so.6.1.0
7f098803d000-7f098803f000 r--p 0000f000 00:1b 71292                      /usr/lib/libXi.so.6.1.0
7f098803f000-7f0988040000 r--p 00011000 00:1b 71292                      /usr/lib/libXi.so.6.1.0
7f0988040000-7f0988041000 rw-p 00012000 00:1b 71292                      /usr/lib/libXi.so.6.1.0
7f0988041000-7f0988042000 rw-p 00000000 00:00 0 
7f0988042000-7f0988046000 ---p 00000000 00:00 0 
7f0988046000-7f0988344000 rw-p 00000000 00:00 0 
7f0988344000-7f09883c5000 rw-p 00000000 00:00 0 
7f09883c5000-7f09885c7000 rw-p 00000000 00:00 0 
7f09885c7000-7f0988758000 rw-p 00000000 00:00 0 
7f0988758000-7f09888f8000 ---p 00000000 00:00 0 
7f09888f8000-7f0988930000 rw-p 00000000 00:00 0 
7f0988930000-7f0988a98000 ---p 00000000 00:00 0 
7f0988a98000-7f0988aa0000 rw-p 00000000 00:00 0 
7f0988aa0000-7f098c3f8000 ---p 00000000 00:00 0 
7f098c3f8000-7f098c400000 rw-p 00000000 00:00 0 
7f098c400000-7f098ce90000 rwxp 00000000 00:00 0 
7f098ce90000-7f099385f000 ---p 00000000 00:00 0 
7f099385f000-7f0993c3f000 rwxp 00000000 00:00 0 
7f0993c3f000-7f0993fa0000 ---p 00000000 00:00 0 
7f0993fa0000-7f0994220000 rwxp 00000000 00:00 0 
7f0994220000-7f099b400000 ---p 00000000 00:00 0 
7f099b400000-7f09a3eb2000 r--s 00000000 00:1b 904543                     /usr/lib/jvm/java-21-openjdk/lib/modules
7f09a3eb3000-7f09a3eb5000 r--p 00000000 00:1b 72117                      /usr/lib/libXrender.so.1.3.0
7f09a3eb5000-7f09a3ebc000 r-xp 00002000 00:1b 72117                      /usr/lib/libXrender.so.1.3.0
7f09a3ebc000-7f09a3ebd000 r--p 00009000 00:1b 72117                      /usr/lib/libXrender.so.1.3.0
7f09a3ebd000-7f09a3ebe000 r--p 00009000 00:1b 72117                      /usr/lib/libXrender.so.1.3.0
7f09a3ebe000-7f09a3ebf000 rw-p 0000a000 00:1b 72117                      /usr/lib/libXrender.so.1.3.0
7f09a3ebf000-7f09a3ec3000 r--p 00000000 00:1b 71201                      /usr/lib/libXext.so.6.4.0
7f09a3ec3000-7f09a3ece000 r-xp 00004000 00:1b 71201                      /usr/lib/libXext.so.6.4.0
7f09a3ece000-7f09a3ed2000 r--p 0000f000 00:1b 71201                      /usr/lib/libXext.so.6.4.0
7f09a3ed2000-7f09a3ed3000 r--p 00012000 00:1b 71201                      /usr/lib/libXext.so.6.4.0
7f09a3ed3000-7f09a3ed4000 rw-p 00013000 00:1b 71201                      /usr/lib/libXext.so.6.4.0
7f09a3ed4000-7f09a3ee0000 r--p 00000000 00:1b 67592                      /usr/lib/libxcb.so.1.1.0
7f09a3ee0000-7f09a3ef4000 r-xp 0000c000 00:1b 67592                      /usr/lib/libxcb.so.1.1.0
7f09a3ef4000-7f09a3efd000 r--p 00020000 00:1b 67592                      /usr/lib/libxcb.so.1.1.0
7f09a3efd000-7f09a3efe000 r--p 00028000 00:1b 67592                      /usr/lib/libxcb.so.1.1.0
7f09a3efe000-7f09a3eff000 rw-p 00029000 00:1b 67592                      /usr/lib/libxcb.so.1.1.0
7f09a3eff000-7f09a4bcc000 rw-p 00000000 00:00 0 
7f09a4bcc000-7f09a8000000 ---p 00000000 00:00 0 
7f09a8001000-7f09a8003000 r--p 00000000 00:1b 71279                      /usr/lib/libXfixes.so.3.1.0
7f09a8003000-7f09a8006000 r-xp 00002000 00:1b 71279                      /usr/lib/libXfixes.so.3.1.0
7f09a8006000-7f09a8007000 r--p 00005000 00:1b 71279                      /usr/lib/libXfixes.so.3.1.0
7f09a8007000-7f09a8008000 r--p 00005000 00:1b 71279                      /usr/lib/libXfixes.so.3.1.0
7f09a8008000-7f09a8009000 rw-p 00006000 00:1b 71279                      /usr/lib/libXfixes.so.3.1.0
7f09a8009000-7f09a8b14000 rw-p 00000000 00:00 0 
7f09a8b14000-7f09a8e17000 rw-p 00000000 00:00 0 
7f09a8e17000-7f09a8ee5000 rw-p 00000000 00:00 0 
7f09a8ee5000-7f09a8f19000 ---p 00000000 00:00 0 
7f09a8f19000-7f09a8f20000 rw-p 00000000 00:00 0 
7f09a8f20000-7f09a8f4d000 ---p 00000000 00:00 0 
7f09a8f4d000-7f09a8f4e000 rw-p 00000000 00:00 0 
7f09a8f4e000-7f09a9679000 ---p 00000000 00:00 0 
7f09a9679000-7f09a968c000 rw-p 00000000 00:00 0 
7f09a968c000-7f09a96c0000 ---p 00000000 00:00 0 
7f09a96c0000-7f09a96c7000 rw-p 00000000 00:00 0 
7f09a96c7000-7f09a96f4000 ---p 00000000 00:00 0 
7f09a96f4000-7f09a96f5000 rw-p 00000000 00:00 0 
7f09a96f5000-7f09a9e20000 ---p 00000000 00:00 0 
7f09a9e20000-7f09aab33000 rw-p 00000000 00:00 0 
7f09aab33000-7f09aac17000 ---p 00000000 00:00 0 
7f09aac17000-7f09aac2d000 rw-p 00000000 00:00 0 
7f09aac2d000-7f09aad00000 ---p 00000000 00:00 0 
7f09aad00000-7f09aad04000 ---p 00000000 00:00 0 
7f09aad04000-7f09aae00000 rw-p 00000000 00:00 0 
7f09aae00000-7f09aae97000 r--p 00000000 00:1b 4636                       /usr/lib/libstdc++.so.6.0.34
7f09aae97000-7f09aafec000 r-xp 00097000 00:1b 4636                       /usr/lib/libstdc++.so.6.0.34
7f09aafec000-7f09ab07e000 r--p 001ec000 00:1b 4636                       /usr/lib/libstdc++.so.6.0.34
7f09ab07e000-7f09ab08f000 r--p 0027e000 00:1b 4636                       /usr/lib/libstdc++.so.6.0.34
7f09ab08f000-7f09ab090000 rw-p 0028f000 00:1b 4636                       /usr/lib/libstdc++.so.6.0.34
7f09ab090000-7f09ab094000 rw-p 00000000 00:00 0 
7f09ab098000-7f09ab09a000 r--p 00000000 00:1b 76350                      /usr/lib/libXrandr.so.2.2.0
7f09ab09a000-7f09ab0a1000 r-xp 00002000 00:1b 76350                      /usr/lib/libXrandr.so.2.2.0
7f09ab0a1000-7f09ab0a3000 r--p 00009000 00:1b 76350                      /usr/lib/libXrandr.so.2.2.0
7f09ab0a3000-7f09ab0a4000 r--p 0000a000 00:1b 76350                      /usr/lib/libXrandr.so.2.2.0
7f09ab0a4000-7f09ab0a5000 rw-p 0000b000 00:1b 76350                      /usr/lib/libXrandr.so.2.2.0
7f09ab0a5000-7f09ab0a6000 r--p 00000000 00:1b 75347                      /usr/lib/libXxf86vm.so.1.0.0
7f09ab0a6000-7f09ab0a9000 r-xp 00001000 00:1b 75347                      /usr/lib/libXxf86vm.so.1.0.0
7f09ab0a9000-7f09ab0aa000 r--p 00004000 00:1b 75347                      /usr/lib/libXxf86vm.so.1.0.0
7f09ab0aa000-7f09ab0ab000 r--p 00004000 00:1b 75347                      /usr/lib/libXxf86vm.so.1.0.0
7f09ab0ab000-7f09ab0ac000 rw-p 00005000 00:1b 75347                      /usr/lib/libXxf86vm.so.1.0.0
7f09ab0ac000-7f09ab0ae000 r--p 00000000 00:1b 67454                      /usr/lib/libXdmcp.so.6.0.0
7f09ab0ae000-7f09ab0b0000 r-xp 00002000 00:1b 67454                      /usr/lib/libXdmcp.so.6.0.0
7f09ab0b0000-7f09ab0b2000 r--p 00004000 00:1b 67454                      /usr/lib/libXdmcp.so.6.0.0
7f09ab0b2000-7f09ab0b3000 r--p 00005000 00:1b 67454                      /usr/lib/libXdmcp.so.6.0.0
7f09ab0b3000-7f09ab0b4000 rw-p 00006000 00:1b 67454                      /usr/lib/libXdmcp.so.6.0.0
7f09ab0b4000-7f09ab0b5000 r--p 00000000 00:1b 67467                      /usr/lib/libXau.so.6.0.0
7f09ab0b5000-7f09ab0b6000 r-xp 00001000 00:1b 67467                      /usr/lib/libXau.so.6.0.0
7f09ab0b6000-7f09ab0b7000 r--p 00002000 00:1b 67467                      /usr/lib/libXau.so.6.0.0
7f09ab0b7000-7f09ab0b8000 r--p 00002000 00:1b 67467                      /usr/lib/libXau.so.6.0.0
7f09ab0b8000-7f09ab0b9000 rw-p 00003000 00:1b 67467                      /usr/lib/libXau.so.6.0.0
7f09ab0b9000-7f09ab0ba000 r--p 00000000 00:1b 3825                       /usr/lib/librt.so.1
7f09ab0ba000-7f09ab0bb000 r-xp 00001000 00:1b 3825                       /usr/lib/librt.so.1
7f09ab0bb000-7f09ab0bc000 r--p 00002000 00:1b 3825                       /usr/lib/librt.so.1
7f09ab0bc000-7f09ab0bd000 r--p 00002000 00:1b 3825                       /usr/lib/librt.so.1
7f09ab0bd000-7f09ab0be000 rw-p 00003000 00:1b 3825                       /usr/lib/librt.so.1
7f09ab0c2000-7f09ab0c3000 rw-p 00000000 00:00 0 
7f09ab0c3000-7f09ab0c4000 r-xp 0005e000 00:27 118                        /tmp/lwjgl_jless/3.3.6+1/x64/liblwjgl.so
7f09ab0c4000-7f09ab0c5000 rw-p 00000000 00:00 0 
7f09ab0c5000-7f09ab0c8000 rw-s 00000000 00:06 912                        /dev/nvidiactl
7f09ab0c8000-7f09ab0ca000 rw-s 00000000 00:01 433                        /memfd:/.glXXXXXX (deleted)
7f09ab0ca000-7f09ab0cb000 rw-s 00000000 00:06 912                        /dev/nvidiactl
7f09ab0cb000-7f09ab0cf000 rw-s 00000000 00:06 912                        /dev/nvidiactl
7f09ab0cf000-7f09ab0d0000 rw-s 00000000 00:06 914                        /dev/nvidia0
7f09ab0d0000-7f09ab0d4000 rw-s 00000000 00:06 912                        /dev/nvidiactl
7f09ab0d4000-7f09ab0e4000 rw-s 00000000 00:06 914                        /dev/nvidia0
7f09ab0e4000-7f09ab0e6000 r--p 00000000 00:1b 904541                     /usr/lib/jvm/java-21-openjdk/lib/libverify.so
7f09ab0e6000-7f09ab0ed000 r-xp 00002000 00:1b 904541                     /usr/lib/jvm/java-21-openjdk/lib/libverify.so
7f09ab0ed000-7f09ab0ef000 r--p 00009000 00:1b 904541                     /usr/lib/jvm/java-21-openjdk/lib/libverify.so
7f09ab0ef000-7f09ab0f1000 r--p 0000a000 00:1b 904541                     /usr/lib/jvm/java-21-openjdk/lib/libverify.so
7f09ab0f1000-7f09ab0f2000 rw-p 0000c000 00:1b 904541                     /usr/lib/jvm/java-21-openjdk/lib/libverify.so
7f09ab0f2000-7f09ab101000 r--p 00000000 00:1b 3803                       /usr/lib/libm.so.6
7f09ab101000-7f09ab18c000 r-xp 0000f000 00:1b 3803                       /usr/lib/libm.so.6
7f09ab18c000-7f09ab1fe000 r--p 0009a000 00:1b 3803                       /usr/lib/libm.so.6
7f09ab1fe000-7f09ab1ff000 r--p 0010b000 00:1b 3803                       /usr/lib/libm.so.6
7f09ab1ff000-7f09ab200000 rw-p 0010c000 00:1b 3803                       /usr/lib/libm.so.6
7f09ab200000-7f09ab210000 r--p 00000000 00:1b 904553                     /usr/lib/jvm/java-21-openjdk/lib/server/libjvm.so
7f09ab210000-7f09ac116000 r-xp 00010000 00:1b 904553                     /usr/lib/jvm/java-21-openjdk/lib/server/libjvm.so
7f09ac116000-7f09ac3f0000 r--p 00f16000 00:1b 904553                     /usr/lib/jvm/java-21-openjdk/lib/server/libjvm.so
7f09ac3f0000-7f09ac4c6000 r--p 011ef000 00:1b 904553                     /usr/lib/jvm/java-21-openjdk/lib/server/libjvm.so
7f09ac4c6000-7f09ac4f6000 rw-p 012c5000 00:1b 904553                     /usr/lib/jvm/java-21-openjdk/lib/server/libjvm.so
7f09ac4f6000-7f09ac55c000 rw-p 00000000 00:00 0 
7f09ac55c000-7f09ac55e000 rw-s 00000000 00:06 912                        /dev/nvidiactl
7f09ac55e000-7f09ac55f000 rw-s 00000000 00:06 912                        /dev/nvidiactl
7f09ac55f000-7f09ac560000 r--p 00000000 00:1b 3820                       /usr/lib/libpthread.so.0
7f09ac560000-7f09ac561000 r-xp 00001000 00:1b 3820                       /usr/lib/libpthread.so.0
7f09ac561000-7f09ac562000 r--p 00002000 00:1b 3820                       /usr/lib/libpthread.so.0
7f09ac562000-7f09ac563000 r--p 00002000 00:1b 3820                       /usr/lib/libpthread.so.0
7f09ac563000-7f09ac564000 rw-p 00003000 00:1b 3820                       /usr/lib/libpthread.so.0
7f09ac564000-7f09ac600000 rw-p 00000000 00:00 0 
7f09ac600000-7f09ac624000 r--p 00000000 00:1b 3793                       /usr/lib/libc.so.6
7f09ac624000-7f09ac795000 r-xp 00024000 00:1b 3793                       /usr/lib/libc.so.6
7f09ac795000-7f09ac804000 r--p 00195000 00:1b 3793                       /usr/lib/libc.so.6
7f09ac804000-7f09ac808000 r--p 00203000 00:1b 3793                       /usr/lib/libc.so.6
7f09ac808000-7f09ac80a000 rw-p 00207000 00:1b 3793                       /usr/lib/libc.so.6
7f09ac80a000-7f09ac812000 rw-p 00000000 00:00 0 
7f09ac812000-7f09ac813000 rw-s 00000000 00:06 912                        /dev/nvidiactl
7f09ac813000-7f09ac814000 r--p 00000000 00:1b 3798                       /usr/lib/libdl.so.2
7f09ac814000-7f09ac815000 r-xp 00001000 00:1b 3798                       /usr/lib/libdl.so.2
7f09ac815000-7f09ac816000 r--p 00002000 00:1b 3798                       /usr/lib/libdl.so.2
7f09ac816000-7f09ac817000 r--p 00002000 00:1b 3798                       /usr/lib/libdl.so.2
7f09ac817000-7f09ac818000 rw-p 00003000 00:1b 3798                       /usr/lib/libdl.so.2
7f09ac818000-7f09ac81a000 r--p 00000000 00:1b 904542                     /usr/lib/jvm/java-21-openjdk/lib/libzip.so
7f09ac81a000-7f09ac81e000 r-xp 00002000 00:1b 904542                     /usr/lib/jvm/java-21-openjdk/lib/libzip.so
7f09ac81e000-7f09ac820000 r--p 00006000 00:1b 904542                     /usr/lib/jvm/java-21-openjdk/lib/libzip.so
7f09ac820000-7f09ac821000 r--p 00007000 00:1b 904542                     /usr/lib/jvm/java-21-openjdk/lib/libzip.so
7f09ac821000-7f09ac822000 rw-p 00008000 00:1b 904542                     /usr/lib/jvm/java-21-openjdk/lib/libzip.so
7f09ac822000-7f09ac825000 r--p 00000000 00:1b 904533                     /usr/lib/jvm/java-21-openjdk/lib/libnet.so
7f09ac825000-7f09ac82d000 r-xp 00003000 00:1b 904533                     /usr/lib/jvm/java-21-openjdk/lib/libnet.so
7f09ac82d000-7f09ac82f000 r--p 0000b000 00:1b 904533                     /usr/lib/jvm/java-21-openjdk/lib/libnet.so
7f09ac82f000-7f09ac830000 r--p 0000c000 00:1b 904533                     /usr/lib/jvm/java-21-openjdk/lib/libnet.so
7f09ac830000-7f09ac831000 rw-p 0000d000 00:1b 904533                     /usr/lib/jvm/java-21-openjdk/lib/libnet.so
7f09ac831000-7f09ac838000 r--p 00000000 00:1b 904534                     /usr/lib/jvm/java-21-openjdk/lib/libnio.so
7f09ac838000-7f09ac841000 r-xp 00007000 00:1b 904534                     /usr/lib/jvm/java-21-openjdk/lib/libnio.so
7f09ac841000-7f09ac845000 r--p 00010000 00:1b 904534                     /usr/lib/jvm/java-21-openjdk/lib/libnio.so
7f09ac845000-7f09ac846000 r--p 00014000 00:1b 904534                     /usr/lib/jvm/java-21-openjdk/lib/libnio.so
7f09ac846000-7f09ac847000 rw-p 00015000 00:1b 904534                     /usr/lib/jvm/java-21-openjdk/lib/libnio.so
7f09ac847000-7f09ac851000 r--p 00000000 00:1b 904518                     /usr/lib/jvm/java-21-openjdk/lib/libjava.so
7f09ac851000-7f09ac85f000 r-xp 0000a000 00:1b 904518                     /usr/lib/jvm/java-21-openjdk/lib/libjava.so
7f09ac85f000-7f09ac864000 r--p 00018000 00:1b 904518                     /usr/lib/jvm/java-21-openjdk/lib/libjava.so
7f09ac864000-7f09ac865000 r--p 0001d000 00:1b 904518                     /usr/lib/jvm/java-21-openjdk/lib/libjava.so
7f09ac865000-7f09ac866000 rw-p 0001e000 00:1b 904518                     /usr/lib/jvm/java-21-openjdk/lib/libjava.so
7f09ac866000-7f09ac867000 rw-p 00000000 00:00 0 
7f09ac867000-7f09ac86b000 r--p 00000000 00:1b 4606                       /usr/lib/libgcc_s.so.1
7f09ac86b000-7f09ac88e000 r-xp 00004000 00:1b 4606                       /usr/lib/libgcc_s.so.1
7f09ac88e000-7f09ac892000 r--p 00027000 00:1b 4606                       /usr/lib/libgcc_s.so.1
7f09ac892000-7f09ac893000 r--p 0002a000 00:1b 4606                       /usr/lib/libgcc_s.so.1
7f09ac893000-7f09ac894000 rw-p 0002b000 00:1b 4606                       /usr/lib/libgcc_s.so.1
7f09ac894000-7f09ac897000 rw-p 00000000 00:00 0 
7f09ac897000-7f09ac89a000 r--p 00000000 00:1b 7928                       /usr/lib/libz.so.1.3.1
7f09ac89a000-7f09ac8a8000 r-xp 00003000 00:1b 7928                       /usr/lib/libz.so.1.3.1
7f09ac8a8000-7f09ac8ae000 r--p 00011000 00:1b 7928                       /usr/lib/libz.so.1.3.1
7f09ac8ae000-7f09ac8af000 r--p 00017000 00:1b 7928                       /usr/lib/libz.so.1.3.1
7f09ac8af000-7f09ac8b0000 rw-p 00018000 00:1b 7928                       /usr/lib/libz.so.1.3.1
7f09ac8b0000-7f09ac8b1000 r--s 00000000 00:06 912                        /dev/nvidiactl
7f09ac8b1000-7f09ac8b2000 r--p 00000000 00:1b 3829                       /usr/lib/libutil.so.1
7f09ac8b2000-7f09ac8b3000 r-xp 00001000 00:1b 3829                       /usr/lib/libutil.so.1
7f09ac8b3000-7f09ac8b4000 r--p 00002000 00:1b 3829                       /usr/lib/libutil.so.1
7f09ac8b4000-7f09ac8b5000 r--p 00002000 00:1b 3829                       /usr/lib/libutil.so.1
7f09ac8b5000-7f09ac8b6000 rw-p 00003000 00:1b 3829                       /usr/lib/libutil.so.1
7f09ac8b6000-7f09ac8be000 rw-p 00000000 00:00 0 
7f09ac8be000-7f09ac8c5000 ---p 00000000 00:00 0 
7f09ac8c5000-7f09ac8cd000 rw-s 00000000 00:27 658                        /tmp/hsperfdata_jless/27910
7f09ac8cd000-7f09ac8ce000 ---p 00000000 00:00 0 
7f09ac8ce000-7f09ac8cf000 r--p 00000000 00:00 0 
7f09ac8cf000-7f09ac8d0000 ---p 00000000 00:00 0 
7f09ac8d0000-7f09ac8d1000 r--p 00000000 00:1b 904522                     /usr/lib/jvm/java-21-openjdk/lib/libjimage.so
7f09ac8d1000-7f09ac8d3000 r-xp 00001000 00:1b 904522                     /usr/lib/jvm/java-21-openjdk/lib/libjimage.so
7f09ac8d3000-7f09ac8d4000 r--p 00003000 00:1b 904522                     /usr/lib/jvm/java-21-openjdk/lib/libjimage.so
7f09ac8d4000-7f09ac8d5000 r--p 00004000 00:1b 904522                     /usr/lib/jvm/java-21-openjdk/lib/libjimage.so
7f09ac8d5000-7f09ac8d6000 rw-p 00005000 00:1b 904522                     /usr/lib/jvm/java-21-openjdk/lib/libjimage.so
7f09ac8d6000-7f09ac8d8000 r--p 00000000 00:1b 904523                     /usr/lib/jvm/java-21-openjdk/lib/libjli.so
7f09ac8d8000-7f09ac8e2000 r-xp 00002000 00:1b 904523                     /usr/lib/jvm/java-21-openjdk/lib/libjli.so
7f09ac8e2000-7f09ac8e5000 r--p 0000c000 00:1b 904523                     /usr/lib/jvm/java-21-openjdk/lib/libjli.so
7f09ac8e5000-7f09ac8e6000 r--p 0000f000 00:1b 904523                     /usr/lib/jvm/java-21-openjdk/lib/libjli.so
7f09ac8e6000-7f09ac8e7000 rw-p 00010000 00:1b 904523                     /usr/lib/jvm/java-21-openjdk/lib/libjli.so
7f09ac8e7000-7f09ac8e9000 rw-p 00000000 00:00 0 
7f09ac8e9000-7f09ac8ed000 r--p 00000000 00:00 0                          [vvar]
7f09ac8ed000-7f09ac8ef000 r--p 00000000 00:00 0                          [vvar_vclock]
7f09ac8ef000-7f09ac8f1000 r-xp 00000000 00:00 0                          [vdso]
7f09ac8f1000-7f09ac8f2000 r--p 00000000 00:1b 3784                       /usr/lib/ld-linux-x86-64.so.2
7f09ac8f2000-7f09ac91c000 r-xp 00001000 00:1b 3784                       /usr/lib/ld-linux-x86-64.so.2
7f09ac91c000-7f09ac92a000 r--p 0002b000 00:1b 3784                       /usr/lib/ld-linux-x86-64.so.2
7f09ac92a000-7f09ac92c000 r--p 00039000 00:1b 3784                       /usr/lib/ld-linux-x86-64.so.2
7f09ac92c000-7f09ac92d000 rw-p 0003b000 00:1b 3784                       /usr/lib/ld-linux-x86-64.so.2
7f09ac92d000-7f09ac92e000 rw-p 00000000 00:00 0 
7ffc361d4000-7ffc361f5000 rw-p 00000000 00:00 0                          [stack]
ffffffffff600000-ffffffffff601000 --xp 00000000 00:00 0                  [vsyscall]
Total number of mappings: 538

JVMTI agents: none


VM Arguments:
jvm_args: --enable-native-access=ALL-UNNAMED -Dclassworlds.conf=/usr/share/java/maven/bin/m2.conf -Dmaven.home=/usr/share/java/maven -Dlibrary.jansi.path=/usr/share/java/maven/lib/jansi-native -Dmaven.multiModuleProjectDirectory=/home/jless/code/java/Voxel 
java_command: org.codehaus.plexus.classworlds.launcher.Launcher compile exec:java -Dexec.mainClass=com.jless.voxel.App
java_class_path (initial): /usr/share/java/maven/boot/plexus-classworlds-2.9.0.jar
Launcher Type: SUN_STANDARD

[Global flags]
     intx CICompilerCount                          = 12                                        {product} {ergonomic}
     uint ConcGCThreads                            = 3                                         {product} {ergonomic}
     uint G1ConcRefinementThreads                  = 13                                        {product} {ergonomic}
   size_t G1HeapRegionSize                         = 2097152                                   {product} {ergonomic}
    uintx GCDrainStackTargetSize                   = 64                                        {product} {ergonomic}
   size_t InitialHeapSize                          = 257949696                                 {product} {ergonomic}
   size_t MarkStackSize                            = 4194304                                   {product} {ergonomic}
   size_t MaxHeapSize                              = 4108320768                                {product} {ergonomic}
   size_t MaxNewSize                               = 2464153600                                {product} {ergonomic}
   size_t MinHeapDeltaBytes                        = 2097152                                   {product} {ergonomic}
   size_t MinHeapSize                              = 8388608                                   {product} {ergonomic}
    uintx NonNMethodCodeHeapSize                   = 7602480                                {pd product} {ergonomic}
    uintx NonProfiledCodeHeapSize                  = 122027880                              {pd product} {ergonomic}
    uintx ProfiledCodeHeapSize                     = 122027880                              {pd product} {ergonomic}
    uintx ReservedCodeCacheSize                    = 251658240                              {pd product} {ergonomic}
     bool SegmentedCodeCache                       = true                                      {product} {ergonomic}
   size_t SoftMaxHeapSize                          = 4108320768                             {manageable} {ergonomic}
     bool UseCompressedOops                        = true                           {product lp64_product} {ergonomic}
     bool UseG1GC                                  = true                                      {product} {ergonomic}

Logging:
Log output configuration:
 #0: stdout all=warning uptime,level,tags foldmultilines=false
 #1: stderr all=off uptime,level,tags foldmultilines=false

Release file:
IMPLEMENTOR="Arch Linux"
JAVA_RUNTIME_VERSION="21.0.9+10"
JAVA_VERSION="21.0.9"
JAVA_VERSION_DATE="2025-10-21"
LIBC="gnu"
MODULES="java.base java.compiler java.datatransfer java.xml java.prefs java.desktop java.instrument java.logging java.management java.security.sasl java.naming java.rmi java.management.rmi java.net.http java.scripting java.security.jgss java.transaction.xa java.sql java.sql.rowset java.xml.crypto java.se java.smartcardio jdk.accessibility jdk.internal.jvmstat jdk.attach jdk.charsets jdk.internal.opt jdk.zipfs jdk.compiler jdk.crypto.ec jdk.crypto.cryptoki jdk.dynalink jdk.internal.ed jdk.editpad jdk.hotspot.agent jdk.httpserver jdk.incubator.vector jdk.internal.le jdk.internal.vm.ci jdk.internal.vm.compiler jdk.internal.vm.compiler.management jdk.jartool jdk.javadoc jdk.jcmd jdk.management jdk.management.agent jdk.jconsole jdk.jdeps jdk.jdwp.agent jdk.jdi jdk.jfr jdk.jlink jdk.jpackage jdk.jshell jdk.jsobject jdk.jstatd jdk.localedata jdk.management.jfr jdk.naming.dns jdk.naming.rmi jdk.net jdk.nio.mapmode jdk.random jdk.sctp jdk.security.auth jdk.security.jgss jdk.unsupported jdk.unsupported.desktop jdk.xml.dom"
OS_ARCH="x86_64"
OS_NAME="Linux"
SOURCE=""

Environment Variables:
JAVA_HOME=/usr/lib/jvm/java-21-openjdk
PATH=/home/jless/.local/share/nvim/mason/bin:/usr/lib/jvm/java-21-openjdk/bin:/usr/local/sbin:/usr/local/bin:/usr/sbin:/usr/bin:/sbin:/bin:/usr/lib/jvm/default/bin:/usr/bin/site_perl:/usr/bin/vendor_perl:/usr/bin/core_perl:/usr/lib/rustup/bin
SHELL=/usr/bin/bash
DISPLAY=:0
LANG=en_US.UTF-8
TERM=xterm-256color

Active Locale:
LC_ALL=en_US.UTF-8
LC_COLLATE=en_US.UTF-8
LC_CTYPE=en_US.UTF-8
LC_MESSAGES=en_US.UTF-8
LC_MONETARY=en_US.UTF-8
LC_NUMERIC=en_US.UTF-8
LC_TIME=en_US.UTF-8

Signal Handlers:
   SIGSEGV: 0x00007f09ac00d480 in libjvm.so+14734464, mask=11100100010111111101111111111110, flags=SA_RESTART|SA_SIGINFO, unblocked
    SIGBUS: 0x00007f09ac00d480 in libjvm.so+14734464, mask=11100100010111111101111111111110, flags=SA_RESTART|SA_SIGINFO, unblocked
    SIGFPE: 0x00007f09ac00d480 in libjvm.so+14734464, mask=11100100010111111101111111111110, flags=SA_RESTART|SA_SIGINFO, unblocked
   SIGPIPE: 0x00007f09abe65a80 in libjvm.so+12999296, mask=11100100010111111101111111111110, flags=SA_RESTART|SA_SIGINFO, blocked
   SIGXFSZ: 0x00007f09abe65a80 in libjvm.so+12999296, mask=11100100010111111101111111111110, flags=SA_RESTART|SA_SIGINFO, blocked
    SIGILL: 0x00007f09ac00d480 in libjvm.so+14734464, mask=11100100010111111101111111111110, flags=SA_RESTART|SA_SIGINFO, unblocked
   SIGUSR2: 0x00007f09abe673a0 in libjvm.so+13005728, mask=00000000000000000000000000000000, flags=SA_RESTART|SA_SIGINFO, blocked
    SIGHUP: 0x00007f09abe64de0 in libjvm.so+12996064, mask=11100100010111111101111111111110, flags=SA_RESTART|SA_SIGINFO, blocked
    SIGINT: 0x00007f09abe64de0 in libjvm.so+12996064, mask=11100100010111111101111111111110, flags=SA_RESTART|SA_SIGINFO, blocked
   SIGTERM: 0x00007f09abe64de0 in libjvm.so+12996064, mask=11100100010111111101111111111110, flags=SA_RESTART|SA_SIGINFO, blocked
   SIGQUIT: 0x00007f09abe64de0 in libjvm.so+12996064, mask=11100100010111111101111111111110, flags=SA_RESTART|SA_SIGINFO, blocked
   SIGTRAP: 0x00007f09ac00d480 in libjvm.so+14734464, mask=11100100010111111101111111111110, flags=SA_RESTART|SA_SIGINFO, unblocked


Periodic native trim disabled

---------------  S Y S T E M  ---------------

OS:
NAME="Arch Linux"
PRETTY_NAME="Arch Linux"
ID=arch
BUILD_ID=rolling
ANSI_COLOR="38;2;23;147;209"
HOME_URL="https://archlinux.org/"
DOCUMENTATION_URL="https://wiki.archlinux.org/"
SUPPORT_URL="https://bbs.archlinux.org/"
BUG_REPORT_URL="https://gitlab.archlinux.org/groups/archlinux/-/issues"
PRIVACY_POLICY_URL="https://terms.archlinux.org/docs/privacy-policy/"
LOGO=archlinux-logo
uname: Linux 6.18.3-arch1-1 #1 SMP PREEMPT_DYNAMIC Fri, 02 Jan 2026 17:52:55 +0000 x86_64
OS uptime: 0 days 2:12 hours
libc: glibc 2.42 NPTL 2.42 
rlimit (soft/hard): STACK 16384k/infinity , CORE infinity/infinity , NPROC 62190/62190 , NOFILE 524288/524288 , AS infinity/infinity , CPU infinity/infinity , DATA infinity/infinity , FSIZE infinity/infinity , MEMLOCK 8192k/8192k
load average: 1.09 0.92 0.94

/proc/meminfo:
MemTotal:       16044336 kB
MemFree:          596388 kB
MemAvailable:    8912728 kB
Buffers:              40 kB
Cached:          8608876 kB
SwapCached:         2424 kB
Active:          5941064 kB
Inactive:        8444064 kB
Active(anon):    3503356 kB
Inactive(anon):  2390016 kB
Active(file):    2437708 kB
Inactive(file):  6054048 kB
Unevictable:         152 kB
Mlocked:             152 kB
SwapTotal:       4194300 kB
SwapFree:        4067932 kB
Zswap:                 0 kB
Zswapped:              0 kB
Dirty:               984 kB
Writeback:             0 kB
AnonPages:       5659800 kB
Mapped:          1546164 kB
Shmem:            117400 kB
KReclaimable:     163396 kB
Slab:             329768 kB
SReclaimable:     163396 kB
SUnreclaim:       166372 kB
KernelStack:       19088 kB
PageTables:        57884 kB
SecPageTables:      4004 kB
NFS_Unstable:          0 kB
Bounce:                0 kB
WritebackTmp:          0 kB
CommitLimit:    12216468 kB
Committed_AS:   18734452 kB
VmallocTotal:   34359738367 kB
VmallocUsed:      134684 kB
VmallocChunk:          0 kB
Percpu:            12672 kB
HardwareCorrupted:     0 kB
AnonHugePages:   1474560 kB
ShmemHugePages:        0 kB
ShmemPmdMapped:        0 kB
FileHugePages:    458752 kB
FilePmdMapped:    348160 kB
CmaTotal:              0 kB
CmaFree:               0 kB
Unaccepted:            0 kB
Balloon:               0 kB
HugePages_Total:       0
HugePages_Free:        0
HugePages_Rsvd:        0
HugePages_Surp:        0
Hugepagesize:       2048 kB
Hugetlb:               0 kB
DirectMap4k:      834656 kB
DirectMap2M:    15620096 kB
DirectMap1G:           0 kB

/sys/kernel/mm/transparent_hugepage/enabled: [always] madvise never
/sys/kernel/mm/transparent_hugepage/hpage_pmd_size: 2097152
/sys/kernel/mm/transparent_hugepage/defrag (defrag/compaction efforts parameter): always defer defer+madvise [madvise] never

Process Memory:
Virtual Size: 8687640K (peak: 8738284K)
Resident Set Size: 312608K (peak: 374700K) (anon: 196608K, file: 114408K, shmem: 1592K)
Swapped out: 0K
C-Heap outstanding allocations: 116001K, retained: 31174K
glibc malloc tunables: (default)

/proc/sys/kernel/threads-max (system-wide limit on the number of threads): 124381
/proc/sys/vm/max_map_count (maximum number of memory map areas a process may have): 1048576
/proc/sys/vm/swappiness (control to define how aggressively the kernel swaps out anonymous memory): 60
/proc/sys/kernel/pid_max (system-wide limit on number of process identifiers): 4194304

container information not found.
Steal ticks since vm start: 0
Steal ticks percentage since vm start:  0.000

CPU: total 16 (initial active 16) (16 cores per cpu, 2 threads per core) family 25 model 68 stepping 1 microcode 0xa40410a, cx8, cmov, fxsr, ht, mmx, 3dnowpref, sse, sse2, sse3, ssse3, sse4a, sse4.1, sse4.2, popcnt, lzcnt, tsc, tscinvbit, avx, avx2, aes, erms, clmul, bmi1, bmi2, adx, sha, fma, vzeroupper, clflush, clflushopt, rdtscp, rdpid, fsrm, f16c, pku, ospke, cet_ss
CPU Model and flags from /proc/cpuinfo:
model name	: AMD Ryzen 7 7435HS
flags		: fpu vme de pse tsc msr pae mce cx8 apic sep mtrr pge mca cmov pat pse36 clflush mmx fxsr sse sse2 ht syscall nx mmxext fxsr_opt pdpe1gb rdtscp lm constant_tsc rep_good nopl xtopology nonstop_tsc cpuid extd_apicid aperfmperf rapl pni pclmulqdq monitor ssse3 fma cx16 sse4_1 sse4_2 x2apic movbe popcnt aes xsave avx f16c rdrand lahf_lm cmp_legacy svm extapic cr8_legacy abm sse4a misalignsse 3dnowprefetch osvw ibs skinit wdt tce topoext perfctr_core perfctr_nb bpext perfctr_llc mwaitx cpb cat_l3 cdp_l3 hw_pstate ssbd mba ibrs ibpb stibp vmmcall fsgsbase bmi1 avx2 smep bmi2 erms invpcid cqm rdt_a rdseed adx smap clflushopt clwb sha_ni xsaveopt xsavec xgetbv1 xsaves cqm_llc cqm_occup_llc cqm_mbm_total cqm_mbm_local user_shstk clzero irperf xsaveerptr rdpru wbnoinvd cppc arat npt lbrv svm_lock nrip_save tsc_scale vmcb_clean flushbyasid decodeassists pausefilter pfthreshold avic v_vmsave_vmload vgif v_spec_ctrl umip pku ospke vaes vpclmulqdq rdpid overflow_recov succor smca fsrm debug_swap

Online cpus: 0-15
Offline cpus: 
BIOS frequency limitation: <Not Available>
Frequency switch latency (ns): 0
Available cpu frequencies: <Not Available>
Current governor: powersave
Core performance/turbo boost: 1

Memory: 4k page, physical 16044336k(8912728k free), swap 4194300k(4067932k free)
Page Sizes: 4k

vm_info: OpenJDK 64-Bit Server VM (21.0.9+10) for linux-amd64 JRE (21.0.9+10), built on 2025-10-22T17:09:28Z by "builduser" with gcc 15.2.1 20250813

END.
